[2024-11-21T02:34:24.485+0000] {local_task_job_runner.py:123} INFO - ::group::Pre task execution logs
[2024-11-21T02:34:24.500+0000] {taskinstance.py:2613} INFO - Dependencies all met for dep_context=non-requeueable deps ti=<TaskInstance: etl_on_airbnb_data.scrape_airbnb_data manual__2024-11-21T02:34:20.090669+00:00 [queued]>
[2024-11-21T02:34:24.506+0000] {taskinstance.py:2613} INFO - Dependencies all met for dep_context=requeueable deps ti=<TaskInstance: etl_on_airbnb_data.scrape_airbnb_data manual__2024-11-21T02:34:20.090669+00:00 [queued]>
[2024-11-21T02:34:24.507+0000] {taskinstance.py:2866} INFO - Starting attempt 1 of 1
[2024-11-21T02:34:24.519+0000] {taskinstance.py:2889} INFO - Executing <Task(PythonOperator): scrape_airbnb_data> on 2024-11-21 02:34:20.090669+00:00
[2024-11-21T02:34:24.527+0000] {warnings.py:112} WARNING - /home/***/.local/lib/python3.12/site-packages/***/task/task_runner/standard_task_runner.py:70: DeprecationWarning: This process (pid=209) is multi-threaded, use of fork() may lead to deadlocks in the child.
  pid = os.fork()

[2024-11-21T02:34:24.528+0000] {standard_task_runner.py:72} INFO - Started process 218 to run task
[2024-11-21T02:34:24.528+0000] {standard_task_runner.py:104} INFO - Running: ['***', 'tasks', 'run', 'etl_on_airbnb_data', 'scrape_airbnb_data', 'manual__2024-11-21T02:34:20.090669+00:00', '--job-id', '3', '--raw', '--subdir', 'DAGS_FOLDER/dag.py', '--cfg-path', '/tmp/tmpnc0w8pln']
[2024-11-21T02:34:24.529+0000] {standard_task_runner.py:105} INFO - Job 3: Subtask scrape_airbnb_data
[2024-11-21T02:34:24.760+0000] {task_command.py:467} INFO - Running <TaskInstance: etl_on_airbnb_data.scrape_airbnb_data manual__2024-11-21T02:34:20.090669+00:00 [running]> on host 3b4599386c73
[2024-11-21T02:34:24.816+0000] {taskinstance.py:3132} INFO - Exporting env vars: AIRFLOW_CTX_DAG_OWNER='***' AIRFLOW_CTX_DAG_ID='etl_on_airbnb_data' AIRFLOW_CTX_TASK_ID='scrape_airbnb_data' AIRFLOW_CTX_EXECUTION_DATE='2024-11-21T02:34:20.090669+00:00' AIRFLOW_CTX_TRY_NUMBER='1' AIRFLOW_CTX_DAG_RUN_ID='manual__2024-11-21T02:34:20.090669+00:00'
[2024-11-21T02:34:24.817+0000] {logging_mixin.py:190} INFO - Task instance is in running state
[2024-11-21T02:34:24.817+0000] {logging_mixin.py:190} INFO -  Previous state of the Task instance: queued
[2024-11-21T02:34:24.817+0000] {logging_mixin.py:190} INFO - Current task name:scrape_airbnb_data state:running start_date:2024-11-21 02:34:24.500934+00:00
[2024-11-21T02:34:24.818+0000] {logging_mixin.py:190} INFO - Dag name:etl_on_airbnb_data and current dag run status:running
[2024-11-21T02:34:24.818+0000] {taskinstance.py:731} INFO - ::endgroup::
[2024-11-21T02:36:17.707+0000] {python.py:240} INFO - Done. Returned value was: None
[2024-11-21T02:36:17.716+0000] {taskinstance.py:340} INFO - ::group::Post task execution logs
[2024-11-21T02:36:17.717+0000] {taskinstance.py:352} INFO - Marking task as SUCCESS. dag_id=etl_on_airbnb_data, task_id=scrape_airbnb_data, run_id=manual__2024-11-21T02:34:20.090669+00:00, execution_date=20241121T023420, start_date=20241121T023424, end_date=20241121T023617
[2024-11-21T02:36:17.725+0000] {logging_mixin.py:190} INFO - Task instance in success state
[2024-11-21T02:36:17.726+0000] {logging_mixin.py:190} INFO -  Previous state of the Task instance: running
[2024-11-21T02:36:17.726+0000] {logging_mixin.py:190} INFO - Dag name:etl_on_airbnb_data queued_at:2024-11-21 02:34:20.104124+00:00
[2024-11-21T02:36:17.726+0000] {logging_mixin.py:190} INFO - Task hostname:3b4599386c73 operator:PythonOperator
[2024-11-21T02:36:17.762+0000] {local_task_job_runner.py:266} INFO - Task exited with return code 0
[2024-11-21T02:36:17.776+0000] {taskinstance.py:3895} INFO - 1 downstream tasks scheduled from follow-on schedule check
[2024-11-21T02:36:17.779+0000] {local_task_job_runner.py:245} INFO - ::endgroup::
