[2024-11-21T03:03:53.920+0000] {local_task_job_runner.py:123} INFO - ::group::Pre task execution logs
[2024-11-21T03:03:53.932+0000] {taskinstance.py:2613} INFO - Dependencies all met for dep_context=non-requeueable deps ti=<TaskInstance: etl_on_airbnb_data.scrape_airbnb_data manual__2024-11-21T03:03:50.435952+00:00 [queued]>
[2024-11-21T03:03:53.938+0000] {taskinstance.py:2613} INFO - Dependencies all met for dep_context=requeueable deps ti=<TaskInstance: etl_on_airbnb_data.scrape_airbnb_data manual__2024-11-21T03:03:50.435952+00:00 [queued]>
[2024-11-21T03:03:53.938+0000] {taskinstance.py:2866} INFO - Starting attempt 1 of 1
[2024-11-21T03:03:53.949+0000] {taskinstance.py:2889} INFO - Executing <Task(PythonOperator): scrape_airbnb_data> on 2024-11-21 03:03:50.435952+00:00
[2024-11-21T03:03:53.957+0000] {warnings.py:112} WARNING - /home/***/.local/lib/python3.12/site-packages/***/task/task_runner/standard_task_runner.py:70: DeprecationWarning: This process (pid=90) is multi-threaded, use of fork() may lead to deadlocks in the child.
  pid = os.fork()

[2024-11-21T03:03:53.958+0000] {standard_task_runner.py:72} INFO - Started process 92 to run task
[2024-11-21T03:03:53.958+0000] {standard_task_runner.py:104} INFO - Running: ['***', 'tasks', 'run', 'etl_on_airbnb_data', 'scrape_airbnb_data', 'manual__2024-11-21T03:03:50.435952+00:00', '--job-id', '7', '--raw', '--subdir', 'DAGS_FOLDER/dag.py', '--cfg-path', '/tmp/tmph3dkqe6x']
[2024-11-21T03:03:53.959+0000] {standard_task_runner.py:105} INFO - Job 7: Subtask scrape_airbnb_data
[2024-11-21T03:03:54.159+0000] {task_command.py:467} INFO - Running <TaskInstance: etl_on_airbnb_data.scrape_airbnb_data manual__2024-11-21T03:03:50.435952+00:00 [running]> on host db4ceadbedcd
[2024-11-21T03:03:54.210+0000] {taskinstance.py:3132} INFO - Exporting env vars: AIRFLOW_CTX_DAG_OWNER='***' AIRFLOW_CTX_DAG_ID='etl_on_airbnb_data' AIRFLOW_CTX_TASK_ID='scrape_airbnb_data' AIRFLOW_CTX_EXECUTION_DATE='2024-11-21T03:03:50.435952+00:00' AIRFLOW_CTX_TRY_NUMBER='1' AIRFLOW_CTX_DAG_RUN_ID='manual__2024-11-21T03:03:50.435952+00:00'
[2024-11-21T03:03:54.211+0000] {logging_mixin.py:190} INFO - Task instance is in running state
[2024-11-21T03:03:54.212+0000] {logging_mixin.py:190} INFO -  Previous state of the Task instance: queued
[2024-11-21T03:03:54.212+0000] {logging_mixin.py:190} INFO - Current task name:scrape_airbnb_data state:running start_date:2024-11-21 03:03:53.933127+00:00
[2024-11-21T03:03:54.212+0000] {logging_mixin.py:190} INFO - Dag name:etl_on_airbnb_data and current dag run status:running
[2024-11-21T03:03:54.212+0000] {taskinstance.py:731} INFO - ::endgroup::
[2024-11-21T03:05:43.013+0000] {python.py:240} INFO - Done. Returned value was: None
[2024-11-21T03:05:43.022+0000] {taskinstance.py:340} INFO - ::group::Post task execution logs
[2024-11-21T03:05:43.023+0000] {taskinstance.py:352} INFO - Marking task as SUCCESS. dag_id=etl_on_airbnb_data, task_id=scrape_airbnb_data, run_id=manual__2024-11-21T03:03:50.435952+00:00, execution_date=20241121T030350, start_date=20241121T030353, end_date=20241121T030543
[2024-11-21T03:05:43.032+0000] {logging_mixin.py:190} INFO - Task instance in success state
[2024-11-21T03:05:43.033+0000] {logging_mixin.py:190} INFO -  Previous state of the Task instance: running
[2024-11-21T03:05:43.033+0000] {logging_mixin.py:190} INFO - Dag name:etl_on_airbnb_data queued_at:2024-11-21 03:03:50.447313+00:00
[2024-11-21T03:05:43.033+0000] {logging_mixin.py:190} INFO - Task hostname:db4ceadbedcd operator:PythonOperator
[2024-11-21T03:05:43.082+0000] {local_task_job_runner.py:266} INFO - Task exited with return code 0
[2024-11-21T03:05:43.095+0000] {taskinstance.py:3895} INFO - 1 downstream tasks scheduled from follow-on schedule check
[2024-11-21T03:05:43.097+0000] {local_task_job_runner.py:245} INFO - ::endgroup::
