[2024-11-17T18:13:58.241+0000] {processor.py:186} INFO - Started process (PID=75) to work on /opt/airflow/dags/dag.py
[2024-11-17T18:13:58.246+0000] {processor.py:914} INFO - Processing file /opt/airflow/dags/dag.py for tasks to queue
[2024-11-17T18:13:58.262+0000] {logging_mixin.py:190} INFO - [2024-11-17T18:13:58.260+0000] {dagbag.py:588} INFO - Filling up the DagBag from /opt/airflow/dags/dag.py
[2024-11-17T18:13:58.586+0000] {processor.py:925} INFO - DAG(s) 'scrape_and_store_normalized_airbnb_data' retrieved from /opt/airflow/dags/dag.py
[2024-11-17T18:13:58.818+0000] {logging_mixin.py:190} INFO - [2024-11-17T18:13:58.817+0000] {override.py:1911} INFO - Created Permission View: can read on DAG:scrape_and_store_normalized_airbnb_data
[2024-11-17T18:13:58.829+0000] {logging_mixin.py:190} INFO - [2024-11-17T18:13:58.829+0000] {override.py:1911} INFO - Created Permission View: can edit on DAG:scrape_and_store_normalized_airbnb_data
[2024-11-17T18:13:58.835+0000] {logging_mixin.py:190} INFO - [2024-11-17T18:13:58.835+0000] {override.py:1911} INFO - Created Permission View: can delete on DAG:scrape_and_store_normalized_airbnb_data
[2024-11-17T18:13:58.841+0000] {logging_mixin.py:190} INFO - [2024-11-17T18:13:58.841+0000] {override.py:1911} INFO - Created Permission View: can read on DAG Run:scrape_and_store_normalized_airbnb_data
[2024-11-17T18:13:58.847+0000] {logging_mixin.py:190} INFO - [2024-11-17T18:13:58.847+0000] {override.py:1911} INFO - Created Permission View: can delete on DAG Run:scrape_and_store_normalized_airbnb_data
[2024-11-17T18:13:58.853+0000] {logging_mixin.py:190} INFO - [2024-11-17T18:13:58.852+0000] {override.py:1911} INFO - Created Permission View: menu access on DAG Run:scrape_and_store_normalized_airbnb_data
[2024-11-17T18:13:58.857+0000] {logging_mixin.py:190} INFO - [2024-11-17T18:13:58.857+0000] {override.py:1911} INFO - Created Permission View: can create on DAG Run:scrape_and_store_normalized_airbnb_data
[2024-11-17T18:13:58.858+0000] {logging_mixin.py:190} INFO - [2024-11-17T18:13:58.858+0000] {dag.py:3239} INFO - Sync 1 DAGs
[2024-11-17T18:13:58.883+0000] {logging_mixin.py:190} INFO - [2024-11-17T18:13:58.882+0000] {dag.py:3262} INFO - Creating ORM DAG for scrape_and_store_normalized_airbnb_data
[2024-11-17T18:13:58.899+0000] {logging_mixin.py:190} INFO - [2024-11-17T18:13:58.898+0000] {dag.py:4180} INFO - Setting next_dagrun for scrape_and_store_normalized_airbnb_data to None, run_after=None
[2024-11-17T18:13:58.932+0000] {processor.py:208} INFO - Processing /opt/airflow/dags/dag.py took 0.724 seconds
[2024-11-17T18:14:29.118+0000] {processor.py:186} INFO - Started process (PID=139) to work on /opt/airflow/dags/dag.py
[2024-11-17T18:14:29.119+0000] {processor.py:914} INFO - Processing file /opt/airflow/dags/dag.py for tasks to queue
[2024-11-17T18:14:29.121+0000] {logging_mixin.py:190} INFO - [2024-11-17T18:14:29.121+0000] {dagbag.py:588} INFO - Filling up the DagBag from /opt/airflow/dags/dag.py
[2024-11-17T18:14:29.206+0000] {processor.py:925} INFO - DAG(s) 'scrape_and_store_normalized_airbnb_data' retrieved from /opt/airflow/dags/dag.py
[2024-11-17T18:14:29.219+0000] {logging_mixin.py:190} INFO - [2024-11-17T18:14:29.219+0000] {dag.py:3239} INFO - Sync 1 DAGs
[2024-11-17T18:14:29.235+0000] {logging_mixin.py:190} INFO - [2024-11-17T18:14:29.235+0000] {dag.py:4180} INFO - Setting next_dagrun for scrape_and_store_normalized_airbnb_data to None, run_after=None
[2024-11-17T18:14:29.247+0000] {processor.py:208} INFO - Processing /opt/airflow/dags/dag.py took 0.134 seconds
[2024-11-17T18:14:59.966+0000] {processor.py:186} INFO - Started process (PID=209) to work on /opt/airflow/dags/dag.py
[2024-11-17T18:14:59.967+0000] {processor.py:914} INFO - Processing file /opt/airflow/dags/dag.py for tasks to queue
[2024-11-17T18:14:59.968+0000] {logging_mixin.py:190} INFO - [2024-11-17T18:14:59.968+0000] {dagbag.py:588} INFO - Filling up the DagBag from /opt/airflow/dags/dag.py
[2024-11-17T18:15:00.045+0000] {processor.py:925} INFO - DAG(s) 'scrape_and_store_normalized_airbnb_data' retrieved from /opt/airflow/dags/dag.py
[2024-11-17T18:15:00.057+0000] {logging_mixin.py:190} INFO - [2024-11-17T18:15:00.057+0000] {dag.py:3239} INFO - Sync 1 DAGs
[2024-11-17T18:15:00.072+0000] {logging_mixin.py:190} INFO - [2024-11-17T18:15:00.072+0000] {dag.py:4180} INFO - Setting next_dagrun for scrape_and_store_normalized_airbnb_data to None, run_after=None
[2024-11-17T18:15:00.085+0000] {processor.py:208} INFO - Processing /opt/airflow/dags/dag.py took 0.122 seconds
[2024-11-17T18:15:30.785+0000] {processor.py:186} INFO - Started process (PID=273) to work on /opt/airflow/dags/dag.py
[2024-11-17T18:15:30.785+0000] {processor.py:914} INFO - Processing file /opt/airflow/dags/dag.py for tasks to queue
[2024-11-17T18:15:30.786+0000] {logging_mixin.py:190} INFO - [2024-11-17T18:15:30.786+0000] {dagbag.py:588} INFO - Filling up the DagBag from /opt/airflow/dags/dag.py
[2024-11-17T18:15:30.860+0000] {processor.py:925} INFO - DAG(s) 'scrape_and_store_normalized_airbnb_data' retrieved from /opt/airflow/dags/dag.py
[2024-11-17T18:15:30.874+0000] {logging_mixin.py:190} INFO - [2024-11-17T18:15:30.873+0000] {dag.py:3239} INFO - Sync 1 DAGs
[2024-11-17T18:15:30.889+0000] {logging_mixin.py:190} INFO - [2024-11-17T18:15:30.888+0000] {dag.py:4180} INFO - Setting next_dagrun for scrape_and_store_normalized_airbnb_data to None, run_after=None
[2024-11-17T18:15:30.903+0000] {processor.py:208} INFO - Processing /opt/airflow/dags/dag.py took 0.123 seconds
[2024-11-17T18:16:01.300+0000] {processor.py:186} INFO - Started process (PID=337) to work on /opt/airflow/dags/dag.py
[2024-11-17T18:16:01.300+0000] {processor.py:914} INFO - Processing file /opt/airflow/dags/dag.py for tasks to queue
[2024-11-17T18:16:01.301+0000] {logging_mixin.py:190} INFO - [2024-11-17T18:16:01.301+0000] {dagbag.py:588} INFO - Filling up the DagBag from /opt/airflow/dags/dag.py
[2024-11-17T18:16:01.379+0000] {processor.py:925} INFO - DAG(s) 'scrape_and_store_normalized_airbnb_data' retrieved from /opt/airflow/dags/dag.py
[2024-11-17T18:16:01.394+0000] {logging_mixin.py:190} INFO - [2024-11-17T18:16:01.393+0000] {dag.py:3239} INFO - Sync 1 DAGs
[2024-11-17T18:16:01.409+0000] {logging_mixin.py:190} INFO - [2024-11-17T18:16:01.409+0000] {dag.py:4180} INFO - Setting next_dagrun for scrape_and_store_normalized_airbnb_data to None, run_after=None
[2024-11-17T18:16:01.423+0000] {processor.py:208} INFO - Processing /opt/airflow/dags/dag.py took 0.127 seconds
[2024-11-17T18:16:31.659+0000] {processor.py:186} INFO - Started process (PID=401) to work on /opt/airflow/dags/dag.py
[2024-11-17T18:16:31.660+0000] {processor.py:914} INFO - Processing file /opt/airflow/dags/dag.py for tasks to queue
[2024-11-17T18:16:31.661+0000] {logging_mixin.py:190} INFO - [2024-11-17T18:16:31.661+0000] {dagbag.py:588} INFO - Filling up the DagBag from /opt/airflow/dags/dag.py
[2024-11-17T18:16:31.741+0000] {processor.py:925} INFO - DAG(s) 'scrape_and_store_normalized_airbnb_data' retrieved from /opt/airflow/dags/dag.py
[2024-11-17T18:16:31.755+0000] {logging_mixin.py:190} INFO - [2024-11-17T18:16:31.755+0000] {dag.py:3239} INFO - Sync 1 DAGs
[2024-11-17T18:16:31.772+0000] {logging_mixin.py:190} INFO - [2024-11-17T18:16:31.772+0000] {dag.py:4180} INFO - Setting next_dagrun for scrape_and_store_normalized_airbnb_data to None, run_after=None
[2024-11-17T18:16:31.788+0000] {processor.py:208} INFO - Processing /opt/airflow/dags/dag.py took 0.133 seconds
[2024-11-17T18:17:01.918+0000] {processor.py:186} INFO - Started process (PID=465) to work on /opt/airflow/dags/dag.py
[2024-11-17T18:17:01.919+0000] {processor.py:914} INFO - Processing file /opt/airflow/dags/dag.py for tasks to queue
[2024-11-17T18:17:01.920+0000] {logging_mixin.py:190} INFO - [2024-11-17T18:17:01.919+0000] {dagbag.py:588} INFO - Filling up the DagBag from /opt/airflow/dags/dag.py
[2024-11-17T18:17:01.997+0000] {processor.py:925} INFO - DAG(s) 'scrape_and_store_normalized_airbnb_data' retrieved from /opt/airflow/dags/dag.py
[2024-11-17T18:17:02.010+0000] {logging_mixin.py:190} INFO - [2024-11-17T18:17:02.010+0000] {dag.py:3239} INFO - Sync 1 DAGs
[2024-11-17T18:17:02.025+0000] {logging_mixin.py:190} INFO - [2024-11-17T18:17:02.025+0000] {dag.py:4180} INFO - Setting next_dagrun for scrape_and_store_normalized_airbnb_data to None, run_after=None
[2024-11-17T18:17:02.038+0000] {processor.py:208} INFO - Processing /opt/airflow/dags/dag.py took 0.125 seconds
[2024-11-17T18:17:32.402+0000] {processor.py:186} INFO - Started process (PID=529) to work on /opt/airflow/dags/dag.py
[2024-11-17T18:17:32.403+0000] {processor.py:914} INFO - Processing file /opt/airflow/dags/dag.py for tasks to queue
[2024-11-17T18:17:32.403+0000] {logging_mixin.py:190} INFO - [2024-11-17T18:17:32.403+0000] {dagbag.py:588} INFO - Filling up the DagBag from /opt/airflow/dags/dag.py
[2024-11-17T18:17:32.482+0000] {processor.py:925} INFO - DAG(s) 'scrape_and_store_normalized_airbnb_data' retrieved from /opt/airflow/dags/dag.py
[2024-11-17T18:17:32.495+0000] {logging_mixin.py:190} INFO - [2024-11-17T18:17:32.495+0000] {dag.py:3239} INFO - Sync 1 DAGs
[2024-11-17T18:17:32.509+0000] {logging_mixin.py:190} INFO - [2024-11-17T18:17:32.509+0000] {dag.py:4180} INFO - Setting next_dagrun for scrape_and_store_normalized_airbnb_data to None, run_after=None
[2024-11-17T18:17:32.522+0000] {processor.py:208} INFO - Processing /opt/airflow/dags/dag.py took 0.123 seconds
[2024-11-17T18:18:02.831+0000] {processor.py:186} INFO - Started process (PID=593) to work on /opt/airflow/dags/dag.py
[2024-11-17T18:18:02.832+0000] {processor.py:914} INFO - Processing file /opt/airflow/dags/dag.py for tasks to queue
[2024-11-17T18:18:02.833+0000] {logging_mixin.py:190} INFO - [2024-11-17T18:18:02.832+0000] {dagbag.py:588} INFO - Filling up the DagBag from /opt/airflow/dags/dag.py
[2024-11-17T18:18:02.907+0000] {processor.py:925} INFO - DAG(s) 'scrape_and_store_normalized_airbnb_data' retrieved from /opt/airflow/dags/dag.py
[2024-11-17T18:18:02.919+0000] {logging_mixin.py:190} INFO - [2024-11-17T18:18:02.919+0000] {dag.py:3239} INFO - Sync 1 DAGs
[2024-11-17T18:18:02.932+0000] {logging_mixin.py:190} INFO - [2024-11-17T18:18:02.932+0000] {dag.py:4180} INFO - Setting next_dagrun for scrape_and_store_normalized_airbnb_data to None, run_after=None
[2024-11-17T18:18:02.945+0000] {processor.py:208} INFO - Processing /opt/airflow/dags/dag.py took 0.118 seconds
[2024-11-17T18:18:33.422+0000] {processor.py:186} INFO - Started process (PID=657) to work on /opt/airflow/dags/dag.py
[2024-11-17T18:18:33.423+0000] {processor.py:914} INFO - Processing file /opt/airflow/dags/dag.py for tasks to queue
[2024-11-17T18:18:33.424+0000] {logging_mixin.py:190} INFO - [2024-11-17T18:18:33.424+0000] {dagbag.py:588} INFO - Filling up the DagBag from /opt/airflow/dags/dag.py
[2024-11-17T18:18:33.496+0000] {processor.py:925} INFO - DAG(s) 'scrape_and_store_normalized_airbnb_data' retrieved from /opt/airflow/dags/dag.py
[2024-11-17T18:18:33.510+0000] {logging_mixin.py:190} INFO - [2024-11-17T18:18:33.510+0000] {dag.py:3239} INFO - Sync 1 DAGs
[2024-11-17T18:18:33.526+0000] {logging_mixin.py:190} INFO - [2024-11-17T18:18:33.525+0000] {dag.py:4180} INFO - Setting next_dagrun for scrape_and_store_normalized_airbnb_data to None, run_after=None
[2024-11-17T18:18:33.538+0000] {processor.py:208} INFO - Processing /opt/airflow/dags/dag.py took 0.120 seconds
[2024-11-17T18:19:04.076+0000] {processor.py:186} INFO - Started process (PID=721) to work on /opt/airflow/dags/dag.py
[2024-11-17T18:19:04.077+0000] {processor.py:914} INFO - Processing file /opt/airflow/dags/dag.py for tasks to queue
[2024-11-17T18:19:04.077+0000] {logging_mixin.py:190} INFO - [2024-11-17T18:19:04.077+0000] {dagbag.py:588} INFO - Filling up the DagBag from /opt/airflow/dags/dag.py
[2024-11-17T18:19:04.150+0000] {processor.py:925} INFO - DAG(s) 'scrape_and_store_normalized_airbnb_data' retrieved from /opt/airflow/dags/dag.py
[2024-11-17T18:19:04.163+0000] {logging_mixin.py:190} INFO - [2024-11-17T18:19:04.162+0000] {dag.py:3239} INFO - Sync 1 DAGs
[2024-11-17T18:19:04.176+0000] {logging_mixin.py:190} INFO - [2024-11-17T18:19:04.176+0000] {dag.py:4180} INFO - Setting next_dagrun for scrape_and_store_normalized_airbnb_data to None, run_after=None
[2024-11-17T18:19:04.188+0000] {processor.py:208} INFO - Processing /opt/airflow/dags/dag.py took 0.116 seconds
[2024-11-17T18:19:34.634+0000] {processor.py:186} INFO - Started process (PID=785) to work on /opt/airflow/dags/dag.py
[2024-11-17T18:19:34.634+0000] {processor.py:914} INFO - Processing file /opt/airflow/dags/dag.py for tasks to queue
[2024-11-17T18:19:34.635+0000] {logging_mixin.py:190} INFO - [2024-11-17T18:19:34.635+0000] {dagbag.py:588} INFO - Filling up the DagBag from /opt/airflow/dags/dag.py
[2024-11-17T18:19:34.713+0000] {processor.py:925} INFO - DAG(s) 'scrape_and_store_normalized_airbnb_data' retrieved from /opt/airflow/dags/dag.py
[2024-11-17T18:19:34.728+0000] {logging_mixin.py:190} INFO - [2024-11-17T18:19:34.727+0000] {dag.py:3239} INFO - Sync 1 DAGs
[2024-11-17T18:19:34.742+0000] {logging_mixin.py:190} INFO - [2024-11-17T18:19:34.742+0000] {dag.py:4180} INFO - Setting next_dagrun for scrape_and_store_normalized_airbnb_data to None, run_after=None
[2024-11-17T18:19:34.755+0000] {processor.py:208} INFO - Processing /opt/airflow/dags/dag.py took 0.125 seconds
[2024-11-17T18:20:04.796+0000] {processor.py:186} INFO - Started process (PID=849) to work on /opt/airflow/dags/dag.py
[2024-11-17T18:20:04.797+0000] {processor.py:914} INFO - Processing file /opt/airflow/dags/dag.py for tasks to queue
[2024-11-17T18:20:04.798+0000] {logging_mixin.py:190} INFO - [2024-11-17T18:20:04.798+0000] {dagbag.py:588} INFO - Filling up the DagBag from /opt/airflow/dags/dag.py
[2024-11-17T18:20:04.872+0000] {processor.py:925} INFO - DAG(s) 'scrape_and_store_normalized_airbnb_data' retrieved from /opt/airflow/dags/dag.py
[2024-11-17T18:20:04.887+0000] {logging_mixin.py:190} INFO - [2024-11-17T18:20:04.887+0000] {dag.py:3239} INFO - Sync 1 DAGs
[2024-11-17T18:20:04.903+0000] {logging_mixin.py:190} INFO - [2024-11-17T18:20:04.903+0000] {dag.py:4180} INFO - Setting next_dagrun for scrape_and_store_normalized_airbnb_data to None, run_after=None
[2024-11-17T18:20:04.918+0000] {processor.py:208} INFO - Processing /opt/airflow/dags/dag.py took 0.125 seconds
[2024-11-17T18:20:35.170+0000] {processor.py:186} INFO - Started process (PID=913) to work on /opt/airflow/dags/dag.py
[2024-11-17T18:20:35.171+0000] {processor.py:914} INFO - Processing file /opt/airflow/dags/dag.py for tasks to queue
[2024-11-17T18:20:35.171+0000] {logging_mixin.py:190} INFO - [2024-11-17T18:20:35.171+0000] {dagbag.py:588} INFO - Filling up the DagBag from /opt/airflow/dags/dag.py
[2024-11-17T18:20:35.247+0000] {processor.py:925} INFO - DAG(s) 'scrape_and_store_normalized_airbnb_data' retrieved from /opt/airflow/dags/dag.py
[2024-11-17T18:20:35.260+0000] {logging_mixin.py:190} INFO - [2024-11-17T18:20:35.260+0000] {dag.py:3239} INFO - Sync 1 DAGs
[2024-11-17T18:20:35.275+0000] {logging_mixin.py:190} INFO - [2024-11-17T18:20:35.275+0000] {dag.py:4180} INFO - Setting next_dagrun for scrape_and_store_normalized_airbnb_data to None, run_after=None
[2024-11-17T18:20:35.287+0000] {processor.py:208} INFO - Processing /opt/airflow/dags/dag.py took 0.122 seconds
[2024-11-17T18:21:05.660+0000] {processor.py:186} INFO - Started process (PID=977) to work on /opt/airflow/dags/dag.py
[2024-11-17T18:21:05.661+0000] {processor.py:914} INFO - Processing file /opt/airflow/dags/dag.py for tasks to queue
[2024-11-17T18:21:05.662+0000] {logging_mixin.py:190} INFO - [2024-11-17T18:21:05.662+0000] {dagbag.py:588} INFO - Filling up the DagBag from /opt/airflow/dags/dag.py
[2024-11-17T18:21:05.735+0000] {processor.py:925} INFO - DAG(s) 'scrape_and_store_normalized_airbnb_data' retrieved from /opt/airflow/dags/dag.py
[2024-11-17T18:21:05.748+0000] {logging_mixin.py:190} INFO - [2024-11-17T18:21:05.748+0000] {dag.py:3239} INFO - Sync 1 DAGs
[2024-11-17T18:21:05.762+0000] {logging_mixin.py:190} INFO - [2024-11-17T18:21:05.762+0000] {dag.py:4180} INFO - Setting next_dagrun for scrape_and_store_normalized_airbnb_data to None, run_after=None
[2024-11-17T18:21:05.776+0000] {processor.py:208} INFO - Processing /opt/airflow/dags/dag.py took 0.119 seconds
[2024-11-17T18:21:36.123+0000] {processor.py:186} INFO - Started process (PID=1041) to work on /opt/airflow/dags/dag.py
[2024-11-17T18:21:36.123+0000] {processor.py:914} INFO - Processing file /opt/airflow/dags/dag.py for tasks to queue
[2024-11-17T18:21:36.124+0000] {logging_mixin.py:190} INFO - [2024-11-17T18:21:36.124+0000] {dagbag.py:588} INFO - Filling up the DagBag from /opt/airflow/dags/dag.py
[2024-11-17T18:21:36.195+0000] {processor.py:925} INFO - DAG(s) 'scrape_and_store_normalized_airbnb_data' retrieved from /opt/airflow/dags/dag.py
[2024-11-17T18:21:36.207+0000] {logging_mixin.py:190} INFO - [2024-11-17T18:21:36.207+0000] {dag.py:3239} INFO - Sync 1 DAGs
[2024-11-17T18:21:36.222+0000] {logging_mixin.py:190} INFO - [2024-11-17T18:21:36.222+0000] {dag.py:4180} INFO - Setting next_dagrun for scrape_and_store_normalized_airbnb_data to None, run_after=None
[2024-11-17T18:21:36.234+0000] {processor.py:208} INFO - Processing /opt/airflow/dags/dag.py took 0.115 seconds
[2024-11-17T18:22:06.822+0000] {processor.py:186} INFO - Started process (PID=1105) to work on /opt/airflow/dags/dag.py
[2024-11-17T18:22:06.822+0000] {processor.py:914} INFO - Processing file /opt/airflow/dags/dag.py for tasks to queue
[2024-11-17T18:22:06.824+0000] {logging_mixin.py:190} INFO - [2024-11-17T18:22:06.823+0000] {dagbag.py:588} INFO - Filling up the DagBag from /opt/airflow/dags/dag.py
[2024-11-17T18:22:06.899+0000] {processor.py:925} INFO - DAG(s) 'scrape_and_store_normalized_airbnb_data' retrieved from /opt/airflow/dags/dag.py
[2024-11-17T18:22:06.912+0000] {logging_mixin.py:190} INFO - [2024-11-17T18:22:06.912+0000] {dag.py:3239} INFO - Sync 1 DAGs
[2024-11-17T18:22:06.926+0000] {logging_mixin.py:190} INFO - [2024-11-17T18:22:06.926+0000] {dag.py:4180} INFO - Setting next_dagrun for scrape_and_store_normalized_airbnb_data to None, run_after=None
[2024-11-17T18:22:06.940+0000] {processor.py:208} INFO - Processing /opt/airflow/dags/dag.py took 0.122 seconds
[2024-11-17T18:22:37.005+0000] {processor.py:186} INFO - Started process (PID=1170) to work on /opt/airflow/dags/dag.py
[2024-11-17T18:22:37.006+0000] {processor.py:914} INFO - Processing file /opt/airflow/dags/dag.py for tasks to queue
[2024-11-17T18:22:37.007+0000] {logging_mixin.py:190} INFO - [2024-11-17T18:22:37.006+0000] {dagbag.py:588} INFO - Filling up the DagBag from /opt/airflow/dags/dag.py
[2024-11-17T18:22:37.080+0000] {processor.py:925} INFO - DAG(s) 'scrape_and_store_normalized_airbnb_data' retrieved from /opt/airflow/dags/dag.py
[2024-11-17T18:22:37.093+0000] {logging_mixin.py:190} INFO - [2024-11-17T18:22:37.093+0000] {dag.py:3239} INFO - Sync 1 DAGs
[2024-11-17T18:22:37.107+0000] {logging_mixin.py:190} INFO - [2024-11-17T18:22:37.107+0000] {dag.py:4180} INFO - Setting next_dagrun for scrape_and_store_normalized_airbnb_data to None, run_after=None
[2024-11-17T18:22:37.118+0000] {processor.py:208} INFO - Processing /opt/airflow/dags/dag.py took 0.117 seconds
[2024-11-17T18:23:07.939+0000] {processor.py:186} INFO - Started process (PID=1233) to work on /opt/airflow/dags/dag.py
[2024-11-17T18:23:07.939+0000] {processor.py:914} INFO - Processing file /opt/airflow/dags/dag.py for tasks to queue
[2024-11-17T18:23:07.940+0000] {logging_mixin.py:190} INFO - [2024-11-17T18:23:07.940+0000] {dagbag.py:588} INFO - Filling up the DagBag from /opt/airflow/dags/dag.py
[2024-11-17T18:23:08.012+0000] {processor.py:925} INFO - DAG(s) 'scrape_and_store_normalized_airbnb_data' retrieved from /opt/airflow/dags/dag.py
[2024-11-17T18:23:08.025+0000] {logging_mixin.py:190} INFO - [2024-11-17T18:23:08.025+0000] {dag.py:3239} INFO - Sync 1 DAGs
[2024-11-17T18:23:08.040+0000] {logging_mixin.py:190} INFO - [2024-11-17T18:23:08.040+0000] {dag.py:4180} INFO - Setting next_dagrun for scrape_and_store_normalized_airbnb_data to None, run_after=None
[2024-11-17T18:23:08.053+0000] {processor.py:208} INFO - Processing /opt/airflow/dags/dag.py took 0.118 seconds
[2024-11-17T18:23:38.286+0000] {processor.py:186} INFO - Started process (PID=1297) to work on /opt/airflow/dags/dag.py
[2024-11-17T18:23:38.287+0000] {processor.py:914} INFO - Processing file /opt/airflow/dags/dag.py for tasks to queue
[2024-11-17T18:23:38.288+0000] {logging_mixin.py:190} INFO - [2024-11-17T18:23:38.287+0000] {dagbag.py:588} INFO - Filling up the DagBag from /opt/airflow/dags/dag.py
[2024-11-17T18:23:38.358+0000] {processor.py:925} INFO - DAG(s) 'scrape_and_store_normalized_airbnb_data' retrieved from /opt/airflow/dags/dag.py
[2024-11-17T18:23:38.371+0000] {logging_mixin.py:190} INFO - [2024-11-17T18:23:38.371+0000] {dag.py:3239} INFO - Sync 1 DAGs
[2024-11-17T18:23:38.385+0000] {logging_mixin.py:190} INFO - [2024-11-17T18:23:38.385+0000] {dag.py:4180} INFO - Setting next_dagrun for scrape_and_store_normalized_airbnb_data to None, run_after=None
[2024-11-17T18:23:38.398+0000] {processor.py:208} INFO - Processing /opt/airflow/dags/dag.py took 0.116 seconds
[2024-11-17T18:24:08.870+0000] {processor.py:186} INFO - Started process (PID=1361) to work on /opt/airflow/dags/dag.py
[2024-11-17T18:24:08.871+0000] {processor.py:914} INFO - Processing file /opt/airflow/dags/dag.py for tasks to queue
[2024-11-17T18:24:08.873+0000] {logging_mixin.py:190} INFO - [2024-11-17T18:24:08.873+0000] {dagbag.py:588} INFO - Filling up the DagBag from /opt/airflow/dags/dag.py
[2024-11-17T18:24:08.944+0000] {processor.py:925} INFO - DAG(s) 'scrape_and_store_normalized_airbnb_data' retrieved from /opt/airflow/dags/dag.py
[2024-11-17T18:24:08.959+0000] {logging_mixin.py:190} INFO - [2024-11-17T18:24:08.959+0000] {dag.py:3239} INFO - Sync 1 DAGs
[2024-11-17T18:24:08.973+0000] {logging_mixin.py:190} INFO - [2024-11-17T18:24:08.973+0000] {dag.py:4180} INFO - Setting next_dagrun for scrape_and_store_normalized_airbnb_data to None, run_after=None
[2024-11-17T18:24:08.986+0000] {processor.py:208} INFO - Processing /opt/airflow/dags/dag.py took 0.119 seconds
[2024-11-17T18:24:39.493+0000] {processor.py:186} INFO - Started process (PID=1425) to work on /opt/airflow/dags/dag.py
[2024-11-17T18:24:39.494+0000] {processor.py:914} INFO - Processing file /opt/airflow/dags/dag.py for tasks to queue
[2024-11-17T18:24:39.495+0000] {logging_mixin.py:190} INFO - [2024-11-17T18:24:39.494+0000] {dagbag.py:588} INFO - Filling up the DagBag from /opt/airflow/dags/dag.py
[2024-11-17T18:24:39.568+0000] {processor.py:925} INFO - DAG(s) 'scrape_and_store_normalized_airbnb_data' retrieved from /opt/airflow/dags/dag.py
[2024-11-17T18:24:39.580+0000] {logging_mixin.py:190} INFO - [2024-11-17T18:24:39.580+0000] {dag.py:3239} INFO - Sync 1 DAGs
[2024-11-17T18:24:39.595+0000] {logging_mixin.py:190} INFO - [2024-11-17T18:24:39.595+0000] {dag.py:4180} INFO - Setting next_dagrun for scrape_and_store_normalized_airbnb_data to None, run_after=None
[2024-11-17T18:24:39.608+0000] {processor.py:208} INFO - Processing /opt/airflow/dags/dag.py took 0.119 seconds
[2024-11-17T18:25:09.730+0000] {processor.py:186} INFO - Started process (PID=1489) to work on /opt/airflow/dags/dag.py
[2024-11-17T18:25:09.731+0000] {processor.py:914} INFO - Processing file /opt/airflow/dags/dag.py for tasks to queue
[2024-11-17T18:25:09.732+0000] {logging_mixin.py:190} INFO - [2024-11-17T18:25:09.732+0000] {dagbag.py:588} INFO - Filling up the DagBag from /opt/airflow/dags/dag.py
[2024-11-17T18:25:09.805+0000] {processor.py:925} INFO - DAG(s) 'scrape_and_store_normalized_airbnb_data' retrieved from /opt/airflow/dags/dag.py
[2024-11-17T18:25:09.819+0000] {logging_mixin.py:190} INFO - [2024-11-17T18:25:09.819+0000] {dag.py:3239} INFO - Sync 1 DAGs
[2024-11-17T18:25:09.833+0000] {logging_mixin.py:190} INFO - [2024-11-17T18:25:09.833+0000] {dag.py:4180} INFO - Setting next_dagrun for scrape_and_store_normalized_airbnb_data to None, run_after=None
[2024-11-17T18:25:09.846+0000] {processor.py:208} INFO - Processing /opt/airflow/dags/dag.py took 0.120 seconds
[2024-11-17T18:25:40.226+0000] {processor.py:186} INFO - Started process (PID=1553) to work on /opt/airflow/dags/dag.py
[2024-11-17T18:25:40.227+0000] {processor.py:914} INFO - Processing file /opt/airflow/dags/dag.py for tasks to queue
[2024-11-17T18:25:40.227+0000] {logging_mixin.py:190} INFO - [2024-11-17T18:25:40.227+0000] {dagbag.py:588} INFO - Filling up the DagBag from /opt/airflow/dags/dag.py
[2024-11-17T18:25:40.301+0000] {processor.py:925} INFO - DAG(s) 'scrape_and_store_normalized_airbnb_data' retrieved from /opt/airflow/dags/dag.py
[2024-11-17T18:25:40.316+0000] {logging_mixin.py:190} INFO - [2024-11-17T18:25:40.315+0000] {dag.py:3239} INFO - Sync 1 DAGs
[2024-11-17T18:25:40.329+0000] {logging_mixin.py:190} INFO - [2024-11-17T18:25:40.329+0000] {dag.py:4180} INFO - Setting next_dagrun for scrape_and_store_normalized_airbnb_data to None, run_after=None
[2024-11-17T18:25:40.340+0000] {processor.py:208} INFO - Processing /opt/airflow/dags/dag.py took 0.118 seconds
[2024-11-17T18:26:11.096+0000] {processor.py:186} INFO - Started process (PID=1617) to work on /opt/airflow/dags/dag.py
[2024-11-17T18:26:11.097+0000] {processor.py:914} INFO - Processing file /opt/airflow/dags/dag.py for tasks to queue
[2024-11-17T18:26:11.098+0000] {logging_mixin.py:190} INFO - [2024-11-17T18:26:11.098+0000] {dagbag.py:588} INFO - Filling up the DagBag from /opt/airflow/dags/dag.py
[2024-11-17T18:26:11.175+0000] {processor.py:925} INFO - DAG(s) 'scrape_and_store_normalized_airbnb_data' retrieved from /opt/airflow/dags/dag.py
[2024-11-17T18:26:11.190+0000] {logging_mixin.py:190} INFO - [2024-11-17T18:26:11.189+0000] {dag.py:3239} INFO - Sync 1 DAGs
[2024-11-17T18:26:11.205+0000] {logging_mixin.py:190} INFO - [2024-11-17T18:26:11.205+0000] {dag.py:4180} INFO - Setting next_dagrun for scrape_and_store_normalized_airbnb_data to None, run_after=None
[2024-11-17T18:26:11.217+0000] {processor.py:208} INFO - Processing /opt/airflow/dags/dag.py took 0.125 seconds
[2024-11-17T20:00:21.646+0000] {processor.py:186} INFO - Started process (PID=69) to work on /opt/airflow/dags/dag.py
[2024-11-17T20:00:21.649+0000] {processor.py:914} INFO - Processing file /opt/airflow/dags/dag.py for tasks to queue
[2024-11-17T20:00:21.659+0000] {logging_mixin.py:190} INFO - [2024-11-17T20:00:21.658+0000] {dagbag.py:588} INFO - Filling up the DagBag from /opt/airflow/dags/dag.py
[2024-11-17T20:00:21.923+0000] {processor.py:925} INFO - DAG(s) 'scrape_and_store_normalized_airbnb_data' retrieved from /opt/airflow/dags/dag.py
[2024-11-17T20:00:21.962+0000] {logging_mixin.py:190} INFO - [2024-11-17T20:00:21.962+0000] {dag.py:3239} INFO - Sync 1 DAGs
[2024-11-17T20:00:21.998+0000] {logging_mixin.py:190} INFO - [2024-11-17T20:00:21.998+0000] {dag.py:4180} INFO - Setting next_dagrun for scrape_and_store_normalized_airbnb_data to None, run_after=None
[2024-11-17T20:00:22.025+0000] {processor.py:208} INFO - Processing /opt/airflow/dags/dag.py took 0.402 seconds
[2024-11-17T20:00:52.220+0000] {processor.py:186} INFO - Started process (PID=134) to work on /opt/airflow/dags/dag.py
[2024-11-17T20:00:52.220+0000] {processor.py:914} INFO - Processing file /opt/airflow/dags/dag.py for tasks to queue
[2024-11-17T20:00:52.222+0000] {logging_mixin.py:190} INFO - [2024-11-17T20:00:52.222+0000] {dagbag.py:588} INFO - Filling up the DagBag from /opt/airflow/dags/dag.py
[2024-11-17T20:00:52.294+0000] {processor.py:925} INFO - DAG(s) 'scrape_and_store_normalized_airbnb_data' retrieved from /opt/airflow/dags/dag.py
[2024-11-17T20:00:52.307+0000] {logging_mixin.py:190} INFO - [2024-11-17T20:00:52.306+0000] {dag.py:3239} INFO - Sync 1 DAGs
[2024-11-17T20:00:52.320+0000] {logging_mixin.py:190} INFO - [2024-11-17T20:00:52.320+0000] {dag.py:4180} INFO - Setting next_dagrun for scrape_and_store_normalized_airbnb_data to None, run_after=None
[2024-11-17T20:00:52.333+0000] {processor.py:208} INFO - Processing /opt/airflow/dags/dag.py took 0.117 seconds
[2024-11-17T20:01:22.844+0000] {processor.py:186} INFO - Started process (PID=198) to work on /opt/airflow/dags/dag.py
[2024-11-17T20:01:22.845+0000] {processor.py:914} INFO - Processing file /opt/airflow/dags/dag.py for tasks to queue
[2024-11-17T20:01:22.848+0000] {logging_mixin.py:190} INFO - [2024-11-17T20:01:22.848+0000] {dagbag.py:588} INFO - Filling up the DagBag from /opt/airflow/dags/dag.py
[2024-11-17T20:01:22.924+0000] {processor.py:925} INFO - DAG(s) 'scrape_and_store_normalized_airbnb_data' retrieved from /opt/airflow/dags/dag.py
[2024-11-17T20:01:22.937+0000] {logging_mixin.py:190} INFO - [2024-11-17T20:01:22.937+0000] {dag.py:3239} INFO - Sync 1 DAGs
[2024-11-17T20:01:22.953+0000] {logging_mixin.py:190} INFO - [2024-11-17T20:01:22.953+0000] {dag.py:4180} INFO - Setting next_dagrun for scrape_and_store_normalized_airbnb_data to None, run_after=None
[2024-11-17T20:01:22.967+0000] {processor.py:208} INFO - Processing /opt/airflow/dags/dag.py took 0.127 seconds
[2024-11-17T20:01:53.324+0000] {processor.py:186} INFO - Started process (PID=262) to work on /opt/airflow/dags/dag.py
[2024-11-17T20:01:53.324+0000] {processor.py:914} INFO - Processing file /opt/airflow/dags/dag.py for tasks to queue
[2024-11-17T20:01:53.326+0000] {logging_mixin.py:190} INFO - [2024-11-17T20:01:53.326+0000] {dagbag.py:588} INFO - Filling up the DagBag from /opt/airflow/dags/dag.py
[2024-11-17T20:01:53.402+0000] {processor.py:925} INFO - DAG(s) 'scrape_and_store_normalized_airbnb_data' retrieved from /opt/airflow/dags/dag.py
[2024-11-17T20:01:53.416+0000] {logging_mixin.py:190} INFO - [2024-11-17T20:01:53.416+0000] {dag.py:3239} INFO - Sync 1 DAGs
[2024-11-17T20:01:53.432+0000] {logging_mixin.py:190} INFO - [2024-11-17T20:01:53.432+0000] {dag.py:4180} INFO - Setting next_dagrun for scrape_and_store_normalized_airbnb_data to None, run_after=None
[2024-11-17T20:01:53.445+0000] {processor.py:208} INFO - Processing /opt/airflow/dags/dag.py took 0.125 seconds
[2024-11-17T20:02:23.924+0000] {processor.py:186} INFO - Started process (PID=326) to work on /opt/airflow/dags/dag.py
[2024-11-17T20:02:23.925+0000] {processor.py:914} INFO - Processing file /opt/airflow/dags/dag.py for tasks to queue
[2024-11-17T20:02:23.927+0000] {logging_mixin.py:190} INFO - [2024-11-17T20:02:23.926+0000] {dagbag.py:588} INFO - Filling up the DagBag from /opt/airflow/dags/dag.py
[2024-11-17T20:02:24.001+0000] {processor.py:925} INFO - DAG(s) 'scrape_and_store_normalized_airbnb_data' retrieved from /opt/airflow/dags/dag.py
[2024-11-17T20:02:24.013+0000] {logging_mixin.py:190} INFO - [2024-11-17T20:02:24.013+0000] {dag.py:3239} INFO - Sync 1 DAGs
[2024-11-17T20:02:24.028+0000] {logging_mixin.py:190} INFO - [2024-11-17T20:02:24.028+0000] {dag.py:4180} INFO - Setting next_dagrun for scrape_and_store_normalized_airbnb_data to None, run_after=None
[2024-11-17T20:02:24.042+0000] {processor.py:208} INFO - Processing /opt/airflow/dags/dag.py took 0.123 seconds
[2024-11-17T20:02:54.536+0000] {processor.py:186} INFO - Started process (PID=390) to work on /opt/airflow/dags/dag.py
[2024-11-17T20:02:54.537+0000] {processor.py:914} INFO - Processing file /opt/airflow/dags/dag.py for tasks to queue
[2024-11-17T20:02:54.539+0000] {logging_mixin.py:190} INFO - [2024-11-17T20:02:54.539+0000] {dagbag.py:588} INFO - Filling up the DagBag from /opt/airflow/dags/dag.py
[2024-11-17T20:02:54.618+0000] {processor.py:925} INFO - DAG(s) 'scrape_and_store_normalized_airbnb_data' retrieved from /opt/airflow/dags/dag.py
[2024-11-17T20:02:54.631+0000] {logging_mixin.py:190} INFO - [2024-11-17T20:02:54.631+0000] {dag.py:3239} INFO - Sync 1 DAGs
[2024-11-17T20:02:54.647+0000] {logging_mixin.py:190} INFO - [2024-11-17T20:02:54.647+0000] {dag.py:4180} INFO - Setting next_dagrun for scrape_and_store_normalized_airbnb_data to None, run_after=None
[2024-11-17T20:02:54.660+0000] {processor.py:208} INFO - Processing /opt/airflow/dags/dag.py took 0.128 seconds
[2024-11-17T20:03:25.248+0000] {processor.py:186} INFO - Started process (PID=460) to work on /opt/airflow/dags/dag.py
[2024-11-17T20:03:25.248+0000] {processor.py:914} INFO - Processing file /opt/airflow/dags/dag.py for tasks to queue
[2024-11-17T20:03:25.250+0000] {logging_mixin.py:190} INFO - [2024-11-17T20:03:25.250+0000] {dagbag.py:588} INFO - Filling up the DagBag from /opt/airflow/dags/dag.py
[2024-11-17T20:03:25.327+0000] {processor.py:925} INFO - DAG(s) 'scrape_and_store_normalized_airbnb_data' retrieved from /opt/airflow/dags/dag.py
[2024-11-17T20:03:25.340+0000] {logging_mixin.py:190} INFO - [2024-11-17T20:03:25.340+0000] {dag.py:3239} INFO - Sync 1 DAGs
[2024-11-17T20:03:25.354+0000] {logging_mixin.py:190} INFO - [2024-11-17T20:03:25.354+0000] {dag.py:4180} INFO - Setting next_dagrun for scrape_and_store_normalized_airbnb_data to None, run_after=None
[2024-11-17T20:03:25.367+0000] {processor.py:208} INFO - Processing /opt/airflow/dags/dag.py took 0.123 seconds
[2024-11-17T20:03:56.186+0000] {processor.py:186} INFO - Started process (PID=524) to work on /opt/airflow/dags/dag.py
[2024-11-17T20:03:56.186+0000] {processor.py:914} INFO - Processing file /opt/airflow/dags/dag.py for tasks to queue
[2024-11-17T20:03:56.188+0000] {logging_mixin.py:190} INFO - [2024-11-17T20:03:56.188+0000] {dagbag.py:588} INFO - Filling up the DagBag from /opt/airflow/dags/dag.py
[2024-11-17T20:03:56.255+0000] {processor.py:925} INFO - DAG(s) 'scrape_and_store_normalized_airbnb_data' retrieved from /opt/airflow/dags/dag.py
[2024-11-17T20:03:56.268+0000] {logging_mixin.py:190} INFO - [2024-11-17T20:03:56.268+0000] {dag.py:3239} INFO - Sync 1 DAGs
[2024-11-17T20:03:56.281+0000] {logging_mixin.py:190} INFO - [2024-11-17T20:03:56.281+0000] {dag.py:4180} INFO - Setting next_dagrun for scrape_and_store_normalized_airbnb_data to None, run_after=None
[2024-11-17T20:03:56.293+0000] {processor.py:208} INFO - Processing /opt/airflow/dags/dag.py took 0.111 seconds
[2024-11-17T20:04:26.889+0000] {processor.py:186} INFO - Started process (PID=588) to work on /opt/airflow/dags/dag.py
[2024-11-17T20:04:26.890+0000] {processor.py:914} INFO - Processing file /opt/airflow/dags/dag.py for tasks to queue
[2024-11-17T20:04:26.892+0000] {logging_mixin.py:190} INFO - [2024-11-17T20:04:26.892+0000] {dagbag.py:588} INFO - Filling up the DagBag from /opt/airflow/dags/dag.py
[2024-11-17T20:04:26.965+0000] {processor.py:925} INFO - DAG(s) 'scrape_and_store_normalized_airbnb_data' retrieved from /opt/airflow/dags/dag.py
[2024-11-17T20:04:26.979+0000] {logging_mixin.py:190} INFO - [2024-11-17T20:04:26.978+0000] {dag.py:3239} INFO - Sync 1 DAGs
[2024-11-17T20:04:26.994+0000] {logging_mixin.py:190} INFO - [2024-11-17T20:04:26.994+0000] {dag.py:4180} INFO - Setting next_dagrun for scrape_and_store_normalized_airbnb_data to None, run_after=None
[2024-11-17T20:04:27.007+0000] {processor.py:208} INFO - Processing /opt/airflow/dags/dag.py took 0.123 seconds
[2024-11-17T20:04:57.412+0000] {processor.py:186} INFO - Started process (PID=652) to work on /opt/airflow/dags/dag.py
[2024-11-17T20:04:57.413+0000] {processor.py:914} INFO - Processing file /opt/airflow/dags/dag.py for tasks to queue
[2024-11-17T20:04:57.416+0000] {logging_mixin.py:190} INFO - [2024-11-17T20:04:57.416+0000] {dagbag.py:588} INFO - Filling up the DagBag from /opt/airflow/dags/dag.py
[2024-11-17T20:04:57.488+0000] {processor.py:925} INFO - DAG(s) 'scrape_and_store_normalized_airbnb_data' retrieved from /opt/airflow/dags/dag.py
[2024-11-17T20:04:57.502+0000] {logging_mixin.py:190} INFO - [2024-11-17T20:04:57.502+0000] {dag.py:3239} INFO - Sync 1 DAGs
[2024-11-17T20:04:57.517+0000] {logging_mixin.py:190} INFO - [2024-11-17T20:04:57.517+0000] {dag.py:4180} INFO - Setting next_dagrun for scrape_and_store_normalized_airbnb_data to None, run_after=None
[2024-11-17T20:04:57.530+0000] {processor.py:208} INFO - Processing /opt/airflow/dags/dag.py took 0.122 seconds
[2024-11-17T20:05:28.009+0000] {processor.py:186} INFO - Started process (PID=716) to work on /opt/airflow/dags/dag.py
[2024-11-17T20:05:28.010+0000] {processor.py:914} INFO - Processing file /opt/airflow/dags/dag.py for tasks to queue
[2024-11-17T20:05:28.012+0000] {logging_mixin.py:190} INFO - [2024-11-17T20:05:28.012+0000] {dagbag.py:588} INFO - Filling up the DagBag from /opt/airflow/dags/dag.py
[2024-11-17T20:05:28.082+0000] {processor.py:925} INFO - DAG(s) 'scrape_and_store_normalized_airbnb_data' retrieved from /opt/airflow/dags/dag.py
[2024-11-17T20:05:28.094+0000] {logging_mixin.py:190} INFO - [2024-11-17T20:05:28.094+0000] {dag.py:3239} INFO - Sync 1 DAGs
[2024-11-17T20:05:28.108+0000] {logging_mixin.py:190} INFO - [2024-11-17T20:05:28.108+0000] {dag.py:4180} INFO - Setting next_dagrun for scrape_and_store_normalized_airbnb_data to None, run_after=None
[2024-11-17T20:05:28.121+0000] {processor.py:208} INFO - Processing /opt/airflow/dags/dag.py took 0.115 seconds
[2024-11-17T20:05:58.307+0000] {processor.py:186} INFO - Started process (PID=780) to work on /opt/airflow/dags/dag.py
[2024-11-17T20:05:58.307+0000] {processor.py:914} INFO - Processing file /opt/airflow/dags/dag.py for tasks to queue
[2024-11-17T20:05:58.309+0000] {logging_mixin.py:190} INFO - [2024-11-17T20:05:58.309+0000] {dagbag.py:588} INFO - Filling up the DagBag from /opt/airflow/dags/dag.py
[2024-11-17T20:05:58.388+0000] {processor.py:925} INFO - DAG(s) 'scrape_and_store_normalized_airbnb_data' retrieved from /opt/airflow/dags/dag.py
[2024-11-17T20:05:58.402+0000] {logging_mixin.py:190} INFO - [2024-11-17T20:05:58.401+0000] {dag.py:3239} INFO - Sync 1 DAGs
[2024-11-17T20:05:58.417+0000] {logging_mixin.py:190} INFO - [2024-11-17T20:05:58.417+0000] {dag.py:4180} INFO - Setting next_dagrun for scrape_and_store_normalized_airbnb_data to None, run_after=None
[2024-11-17T20:05:58.431+0000] {processor.py:208} INFO - Processing /opt/airflow/dags/dag.py took 0.129 seconds
[2024-11-17T20:06:28.661+0000] {processor.py:186} INFO - Started process (PID=844) to work on /opt/airflow/dags/dag.py
[2024-11-17T20:06:28.662+0000] {processor.py:914} INFO - Processing file /opt/airflow/dags/dag.py for tasks to queue
[2024-11-17T20:06:28.664+0000] {logging_mixin.py:190} INFO - [2024-11-17T20:06:28.664+0000] {dagbag.py:588} INFO - Filling up the DagBag from /opt/airflow/dags/dag.py
[2024-11-17T20:06:28.737+0000] {processor.py:925} INFO - DAG(s) 'scrape_and_store_normalized_airbnb_data' retrieved from /opt/airflow/dags/dag.py
[2024-11-17T20:06:28.751+0000] {logging_mixin.py:190} INFO - [2024-11-17T20:06:28.751+0000] {dag.py:3239} INFO - Sync 1 DAGs
[2024-11-17T20:06:28.766+0000] {logging_mixin.py:190} INFO - [2024-11-17T20:06:28.766+0000] {dag.py:4180} INFO - Setting next_dagrun for scrape_and_store_normalized_airbnb_data to None, run_after=None
[2024-11-17T20:06:28.779+0000] {processor.py:208} INFO - Processing /opt/airflow/dags/dag.py took 0.123 seconds
[2024-11-17T20:06:58.930+0000] {processor.py:186} INFO - Started process (PID=908) to work on /opt/airflow/dags/dag.py
[2024-11-17T20:06:58.931+0000] {processor.py:914} INFO - Processing file /opt/airflow/dags/dag.py for tasks to queue
[2024-11-17T20:06:58.932+0000] {logging_mixin.py:190} INFO - [2024-11-17T20:06:58.932+0000] {dagbag.py:588} INFO - Filling up the DagBag from /opt/airflow/dags/dag.py
[2024-11-17T20:06:59.003+0000] {processor.py:925} INFO - DAG(s) 'scrape_and_store_normalized_airbnb_data' retrieved from /opt/airflow/dags/dag.py
[2024-11-17T20:06:59.016+0000] {logging_mixin.py:190} INFO - [2024-11-17T20:06:59.016+0000] {dag.py:3239} INFO - Sync 1 DAGs
[2024-11-17T20:06:59.030+0000] {logging_mixin.py:190} INFO - [2024-11-17T20:06:59.030+0000] {dag.py:4180} INFO - Setting next_dagrun for scrape_and_store_normalized_airbnb_data to None, run_after=None
[2024-11-17T20:06:59.043+0000] {processor.py:208} INFO - Processing /opt/airflow/dags/dag.py took 0.118 seconds
[2024-11-17T20:07:29.574+0000] {processor.py:186} INFO - Started process (PID=972) to work on /opt/airflow/dags/dag.py
[2024-11-17T20:07:29.575+0000] {processor.py:914} INFO - Processing file /opt/airflow/dags/dag.py for tasks to queue
[2024-11-17T20:07:29.577+0000] {logging_mixin.py:190} INFO - [2024-11-17T20:07:29.577+0000] {dagbag.py:588} INFO - Filling up the DagBag from /opt/airflow/dags/dag.py
[2024-11-17T20:07:29.647+0000] {processor.py:925} INFO - DAG(s) 'scrape_and_store_normalized_airbnb_data' retrieved from /opt/airflow/dags/dag.py
[2024-11-17T20:07:29.660+0000] {logging_mixin.py:190} INFO - [2024-11-17T20:07:29.659+0000] {dag.py:3239} INFO - Sync 1 DAGs
[2024-11-17T20:07:29.673+0000] {logging_mixin.py:190} INFO - [2024-11-17T20:07:29.673+0000] {dag.py:4180} INFO - Setting next_dagrun for scrape_and_store_normalized_airbnb_data to None, run_after=None
[2024-11-17T20:07:29.685+0000] {processor.py:208} INFO - Processing /opt/airflow/dags/dag.py took 0.115 seconds
[2024-11-17T20:08:00.262+0000] {processor.py:186} INFO - Started process (PID=1036) to work on /opt/airflow/dags/dag.py
[2024-11-17T20:08:00.262+0000] {processor.py:914} INFO - Processing file /opt/airflow/dags/dag.py for tasks to queue
[2024-11-17T20:08:00.264+0000] {logging_mixin.py:190} INFO - [2024-11-17T20:08:00.263+0000] {dagbag.py:588} INFO - Filling up the DagBag from /opt/airflow/dags/dag.py
[2024-11-17T20:08:00.334+0000] {processor.py:925} INFO - DAG(s) 'scrape_and_store_normalized_airbnb_data' retrieved from /opt/airflow/dags/dag.py
[2024-11-17T20:08:00.347+0000] {logging_mixin.py:190} INFO - [2024-11-17T20:08:00.347+0000] {dag.py:3239} INFO - Sync 1 DAGs
[2024-11-17T20:08:00.360+0000] {logging_mixin.py:190} INFO - [2024-11-17T20:08:00.360+0000] {dag.py:4180} INFO - Setting next_dagrun for scrape_and_store_normalized_airbnb_data to None, run_after=None
[2024-11-17T20:08:00.372+0000] {processor.py:208} INFO - Processing /opt/airflow/dags/dag.py took 0.114 seconds
[2024-11-17T20:08:31.056+0000] {processor.py:186} INFO - Started process (PID=1100) to work on /opt/airflow/dags/dag.py
[2024-11-17T20:08:31.057+0000] {processor.py:914} INFO - Processing file /opt/airflow/dags/dag.py for tasks to queue
[2024-11-17T20:08:31.060+0000] {logging_mixin.py:190} INFO - [2024-11-17T20:08:31.059+0000] {dagbag.py:588} INFO - Filling up the DagBag from /opt/airflow/dags/dag.py
[2024-11-17T20:08:31.131+0000] {processor.py:925} INFO - DAG(s) 'scrape_and_store_normalized_airbnb_data' retrieved from /opt/airflow/dags/dag.py
[2024-11-17T20:08:31.145+0000] {logging_mixin.py:190} INFO - [2024-11-17T20:08:31.145+0000] {dag.py:3239} INFO - Sync 1 DAGs
[2024-11-17T20:08:31.159+0000] {logging_mixin.py:190} INFO - [2024-11-17T20:08:31.158+0000] {dag.py:4180} INFO - Setting next_dagrun for scrape_and_store_normalized_airbnb_data to None, run_after=None
[2024-11-17T20:08:31.170+0000] {processor.py:208} INFO - Processing /opt/airflow/dags/dag.py took 0.118 seconds
[2024-11-17T20:09:01.711+0000] {processor.py:186} INFO - Started process (PID=1164) to work on /opt/airflow/dags/dag.py
[2024-11-17T20:09:01.711+0000] {processor.py:914} INFO - Processing file /opt/airflow/dags/dag.py for tasks to queue
[2024-11-17T20:09:01.713+0000] {logging_mixin.py:190} INFO - [2024-11-17T20:09:01.713+0000] {dagbag.py:588} INFO - Filling up the DagBag from /opt/airflow/dags/dag.py
[2024-11-17T20:09:01.789+0000] {processor.py:925} INFO - DAG(s) 'scrape_and_store_normalized_airbnb_data' retrieved from /opt/airflow/dags/dag.py
[2024-11-17T20:09:01.802+0000] {logging_mixin.py:190} INFO - [2024-11-17T20:09:01.802+0000] {dag.py:3239} INFO - Sync 1 DAGs
[2024-11-17T20:09:01.818+0000] {logging_mixin.py:190} INFO - [2024-11-17T20:09:01.817+0000] {dag.py:4180} INFO - Setting next_dagrun for scrape_and_store_normalized_airbnb_data to None, run_after=None
[2024-11-17T20:09:01.829+0000] {processor.py:208} INFO - Processing /opt/airflow/dags/dag.py took 0.124 seconds
[2024-11-17T20:09:32.326+0000] {processor.py:186} INFO - Started process (PID=1228) to work on /opt/airflow/dags/dag.py
[2024-11-17T20:09:32.327+0000] {processor.py:914} INFO - Processing file /opt/airflow/dags/dag.py for tasks to queue
[2024-11-17T20:09:32.329+0000] {logging_mixin.py:190} INFO - [2024-11-17T20:09:32.328+0000] {dagbag.py:588} INFO - Filling up the DagBag from /opt/airflow/dags/dag.py
[2024-11-17T20:09:32.400+0000] {processor.py:925} INFO - DAG(s) 'scrape_and_store_normalized_airbnb_data' retrieved from /opt/airflow/dags/dag.py
[2024-11-17T20:09:32.412+0000] {logging_mixin.py:190} INFO - [2024-11-17T20:09:32.411+0000] {dag.py:3239} INFO - Sync 1 DAGs
[2024-11-17T20:09:32.426+0000] {logging_mixin.py:190} INFO - [2024-11-17T20:09:32.426+0000] {dag.py:4180} INFO - Setting next_dagrun for scrape_and_store_normalized_airbnb_data to None, run_after=None
[2024-11-17T20:09:32.438+0000] {processor.py:208} INFO - Processing /opt/airflow/dags/dag.py took 0.116 seconds
[2024-11-17T20:10:02.847+0000] {processor.py:186} INFO - Started process (PID=1292) to work on /opt/airflow/dags/dag.py
[2024-11-17T20:10:02.848+0000] {processor.py:914} INFO - Processing file /opt/airflow/dags/dag.py for tasks to queue
[2024-11-17T20:10:02.850+0000] {logging_mixin.py:190} INFO - [2024-11-17T20:10:02.850+0000] {dagbag.py:588} INFO - Filling up the DagBag from /opt/airflow/dags/dag.py
[2024-11-17T20:10:02.926+0000] {processor.py:925} INFO - DAG(s) 'scrape_and_store_normalized_airbnb_data' retrieved from /opt/airflow/dags/dag.py
[2024-11-17T20:10:02.941+0000] {logging_mixin.py:190} INFO - [2024-11-17T20:10:02.941+0000] {dag.py:3239} INFO - Sync 1 DAGs
[2024-11-17T20:10:02.956+0000] {logging_mixin.py:190} INFO - [2024-11-17T20:10:02.955+0000] {dag.py:4180} INFO - Setting next_dagrun for scrape_and_store_normalized_airbnb_data to None, run_after=None
[2024-11-17T20:10:02.970+0000] {processor.py:208} INFO - Processing /opt/airflow/dags/dag.py took 0.126 seconds
[2024-11-17T20:14:51.852+0000] {processor.py:186} INFO - Started process (PID=69) to work on /opt/airflow/dags/dag.py
[2024-11-17T20:14:51.854+0000] {processor.py:914} INFO - Processing file /opt/airflow/dags/dag.py for tasks to queue
[2024-11-17T20:14:51.858+0000] {logging_mixin.py:190} INFO - [2024-11-17T20:14:51.858+0000] {dagbag.py:588} INFO - Filling up the DagBag from /opt/airflow/dags/dag.py
[2024-11-17T20:14:52.000+0000] {processor.py:925} INFO - DAG(s) 'scrape_and_store_normalized_airbnb_data' retrieved from /opt/airflow/dags/dag.py
[2024-11-17T20:14:52.018+0000] {logging_mixin.py:190} INFO - [2024-11-17T20:14:52.017+0000] {dag.py:3239} INFO - Sync 1 DAGs
[2024-11-17T20:14:52.037+0000] {logging_mixin.py:190} INFO - [2024-11-17T20:14:52.036+0000] {dag.py:4180} INFO - Setting next_dagrun for scrape_and_store_normalized_airbnb_data to None, run_after=None
[2024-11-17T20:14:52.054+0000] {processor.py:208} INFO - Processing /opt/airflow/dags/dag.py took 0.210 seconds
[2024-11-17T20:15:22.428+0000] {processor.py:186} INFO - Started process (PID=133) to work on /opt/airflow/dags/dag.py
[2024-11-17T20:15:22.429+0000] {processor.py:914} INFO - Processing file /opt/airflow/dags/dag.py for tasks to queue
[2024-11-17T20:15:22.431+0000] {logging_mixin.py:190} INFO - [2024-11-17T20:15:22.431+0000] {dagbag.py:588} INFO - Filling up the DagBag from /opt/airflow/dags/dag.py
[2024-11-17T20:15:22.500+0000] {processor.py:925} INFO - DAG(s) 'scrape_and_store_normalized_airbnb_data' retrieved from /opt/airflow/dags/dag.py
[2024-11-17T20:15:22.512+0000] {logging_mixin.py:190} INFO - [2024-11-17T20:15:22.512+0000] {dag.py:3239} INFO - Sync 1 DAGs
[2024-11-17T20:15:22.526+0000] {logging_mixin.py:190} INFO - [2024-11-17T20:15:22.526+0000] {dag.py:4180} INFO - Setting next_dagrun for scrape_and_store_normalized_airbnb_data to None, run_after=None
[2024-11-17T20:15:22.538+0000] {processor.py:208} INFO - Processing /opt/airflow/dags/dag.py took 0.114 seconds
[2024-11-17T20:15:53.410+0000] {processor.py:186} INFO - Started process (PID=197) to work on /opt/airflow/dags/dag.py
[2024-11-17T20:15:53.410+0000] {processor.py:914} INFO - Processing file /opt/airflow/dags/dag.py for tasks to queue
[2024-11-17T20:15:53.412+0000] {logging_mixin.py:190} INFO - [2024-11-17T20:15:53.412+0000] {dagbag.py:588} INFO - Filling up the DagBag from /opt/airflow/dags/dag.py
[2024-11-17T20:15:53.485+0000] {processor.py:925} INFO - DAG(s) 'scrape_and_store_normalized_airbnb_data' retrieved from /opt/airflow/dags/dag.py
[2024-11-17T20:15:53.498+0000] {logging_mixin.py:190} INFO - [2024-11-17T20:15:53.498+0000] {dag.py:3239} INFO - Sync 1 DAGs
[2024-11-17T20:15:53.513+0000] {logging_mixin.py:190} INFO - [2024-11-17T20:15:53.513+0000] {dag.py:4180} INFO - Setting next_dagrun for scrape_and_store_normalized_airbnb_data to None, run_after=None
[2024-11-17T20:15:53.525+0000] {processor.py:208} INFO - Processing /opt/airflow/dags/dag.py took 0.119 seconds
[2024-11-17T20:16:23.936+0000] {processor.py:186} INFO - Started process (PID=261) to work on /opt/airflow/dags/dag.py
[2024-11-17T20:16:23.936+0000] {processor.py:914} INFO - Processing file /opt/airflow/dags/dag.py for tasks to queue
[2024-11-17T20:16:23.938+0000] {logging_mixin.py:190} INFO - [2024-11-17T20:16:23.938+0000] {dagbag.py:588} INFO - Filling up the DagBag from /opt/airflow/dags/dag.py
[2024-11-17T20:16:24.014+0000] {processor.py:925} INFO - DAG(s) 'scrape_and_store_normalized_airbnb_data' retrieved from /opt/airflow/dags/dag.py
[2024-11-17T20:16:24.027+0000] {logging_mixin.py:190} INFO - [2024-11-17T20:16:24.027+0000] {dag.py:3239} INFO - Sync 1 DAGs
[2024-11-17T20:16:24.042+0000] {logging_mixin.py:190} INFO - [2024-11-17T20:16:24.041+0000] {dag.py:4180} INFO - Setting next_dagrun for scrape_and_store_normalized_airbnb_data to None, run_after=None
[2024-11-17T20:16:24.054+0000] {processor.py:208} INFO - Processing /opt/airflow/dags/dag.py took 0.123 seconds
[2024-11-17T20:16:54.851+0000] {processor.py:186} INFO - Started process (PID=325) to work on /opt/airflow/dags/dag.py
[2024-11-17T20:16:54.852+0000] {processor.py:914} INFO - Processing file /opt/airflow/dags/dag.py for tasks to queue
[2024-11-17T20:16:54.853+0000] {logging_mixin.py:190} INFO - [2024-11-17T20:16:54.853+0000] {dagbag.py:588} INFO - Filling up the DagBag from /opt/airflow/dags/dag.py
[2024-11-17T20:16:54.928+0000] {processor.py:925} INFO - DAG(s) 'scrape_and_store_normalized_airbnb_data' retrieved from /opt/airflow/dags/dag.py
[2024-11-17T20:16:54.941+0000] {logging_mixin.py:190} INFO - [2024-11-17T20:16:54.941+0000] {dag.py:3239} INFO - Sync 1 DAGs
[2024-11-17T20:16:54.954+0000] {logging_mixin.py:190} INFO - [2024-11-17T20:16:54.954+0000] {dag.py:4180} INFO - Setting next_dagrun for scrape_and_store_normalized_airbnb_data to None, run_after=None
[2024-11-17T20:16:54.967+0000] {processor.py:208} INFO - Processing /opt/airflow/dags/dag.py took 0.120 seconds
[2024-11-17T20:17:25.525+0000] {processor.py:186} INFO - Started process (PID=389) to work on /opt/airflow/dags/dag.py
[2024-11-17T20:17:25.526+0000] {processor.py:914} INFO - Processing file /opt/airflow/dags/dag.py for tasks to queue
[2024-11-17T20:17:25.528+0000] {logging_mixin.py:190} INFO - [2024-11-17T20:17:25.528+0000] {dagbag.py:588} INFO - Filling up the DagBag from /opt/airflow/dags/dag.py
[2024-11-17T20:17:25.613+0000] {processor.py:925} INFO - DAG(s) 'scrape_and_store_normalized_airbnb_data' retrieved from /opt/airflow/dags/dag.py
[2024-11-17T20:17:25.629+0000] {logging_mixin.py:190} INFO - [2024-11-17T20:17:25.628+0000] {dag.py:3239} INFO - Sync 1 DAGs
[2024-11-17T20:17:25.645+0000] {logging_mixin.py:190} INFO - [2024-11-17T20:17:25.645+0000] {dag.py:4180} INFO - Setting next_dagrun for scrape_and_store_normalized_airbnb_data to None, run_after=None
[2024-11-17T20:17:25.659+0000] {processor.py:208} INFO - Processing /opt/airflow/dags/dag.py took 0.140 seconds
[2024-11-17T20:17:56.130+0000] {processor.py:186} INFO - Started process (PID=459) to work on /opt/airflow/dags/dag.py
[2024-11-17T20:17:56.131+0000] {processor.py:914} INFO - Processing file /opt/airflow/dags/dag.py for tasks to queue
[2024-11-17T20:17:56.132+0000] {logging_mixin.py:190} INFO - [2024-11-17T20:17:56.132+0000] {dagbag.py:588} INFO - Filling up the DagBag from /opt/airflow/dags/dag.py
[2024-11-17T20:17:56.205+0000] {processor.py:925} INFO - DAG(s) 'scrape_and_store_normalized_airbnb_data' retrieved from /opt/airflow/dags/dag.py
[2024-11-17T20:17:56.220+0000] {logging_mixin.py:190} INFO - [2024-11-17T20:17:56.219+0000] {dag.py:3239} INFO - Sync 1 DAGs
[2024-11-17T20:17:56.234+0000] {logging_mixin.py:190} INFO - [2024-11-17T20:17:56.234+0000] {dag.py:4180} INFO - Setting next_dagrun for scrape_and_store_normalized_airbnb_data to None, run_after=None
[2024-11-17T20:17:56.248+0000] {processor.py:208} INFO - Processing /opt/airflow/dags/dag.py took 0.122 seconds
[2024-11-17T20:18:26.498+0000] {processor.py:186} INFO - Started process (PID=523) to work on /opt/airflow/dags/dag.py
[2024-11-17T20:18:26.498+0000] {processor.py:914} INFO - Processing file /opt/airflow/dags/dag.py for tasks to queue
[2024-11-17T20:18:26.500+0000] {logging_mixin.py:190} INFO - [2024-11-17T20:18:26.500+0000] {dagbag.py:588} INFO - Filling up the DagBag from /opt/airflow/dags/dag.py
[2024-11-17T20:18:26.582+0000] {processor.py:925} INFO - DAG(s) 'scrape_and_store_normalized_airbnb_data' retrieved from /opt/airflow/dags/dag.py
[2024-11-17T20:18:26.598+0000] {logging_mixin.py:190} INFO - [2024-11-17T20:18:26.597+0000] {dag.py:3239} INFO - Sync 1 DAGs
[2024-11-17T20:18:26.615+0000] {logging_mixin.py:190} INFO - [2024-11-17T20:18:26.615+0000] {dag.py:4180} INFO - Setting next_dagrun for scrape_and_store_normalized_airbnb_data to None, run_after=None
[2024-11-17T20:18:26.630+0000] {processor.py:208} INFO - Processing /opt/airflow/dags/dag.py took 0.136 seconds
[2024-11-17T20:18:57.059+0000] {processor.py:186} INFO - Started process (PID=588) to work on /opt/airflow/dags/dag.py
[2024-11-17T20:18:57.059+0000] {processor.py:914} INFO - Processing file /opt/airflow/dags/dag.py for tasks to queue
[2024-11-17T20:18:57.061+0000] {logging_mixin.py:190} INFO - [2024-11-17T20:18:57.061+0000] {dagbag.py:588} INFO - Filling up the DagBag from /opt/airflow/dags/dag.py
[2024-11-17T20:18:57.135+0000] {processor.py:925} INFO - DAG(s) 'scrape_and_store_normalized_airbnb_data' retrieved from /opt/airflow/dags/dag.py
[2024-11-17T20:18:57.150+0000] {logging_mixin.py:190} INFO - [2024-11-17T20:18:57.150+0000] {dag.py:3239} INFO - Sync 1 DAGs
[2024-11-17T20:18:57.164+0000] {logging_mixin.py:190} INFO - [2024-11-17T20:18:57.164+0000] {dag.py:4180} INFO - Setting next_dagrun for scrape_and_store_normalized_airbnb_data to None, run_after=None
[2024-11-17T20:18:57.178+0000] {processor.py:208} INFO - Processing /opt/airflow/dags/dag.py took 0.123 seconds
[2024-11-17T20:19:27.628+0000] {processor.py:186} INFO - Started process (PID=652) to work on /opt/airflow/dags/dag.py
[2024-11-17T20:19:27.629+0000] {processor.py:914} INFO - Processing file /opt/airflow/dags/dag.py for tasks to queue
[2024-11-17T20:19:27.631+0000] {logging_mixin.py:190} INFO - [2024-11-17T20:19:27.631+0000] {dagbag.py:588} INFO - Filling up the DagBag from /opt/airflow/dags/dag.py
[2024-11-17T20:19:27.710+0000] {processor.py:925} INFO - DAG(s) 'scrape_and_store_normalized_airbnb_data' retrieved from /opt/airflow/dags/dag.py
[2024-11-17T20:19:27.724+0000] {logging_mixin.py:190} INFO - [2024-11-17T20:19:27.724+0000] {dag.py:3239} INFO - Sync 1 DAGs
[2024-11-17T20:19:27.739+0000] {logging_mixin.py:190} INFO - [2024-11-17T20:19:27.739+0000] {dag.py:4180} INFO - Setting next_dagrun for scrape_and_store_normalized_airbnb_data to None, run_after=None
[2024-11-17T20:19:27.752+0000] {processor.py:208} INFO - Processing /opt/airflow/dags/dag.py took 0.129 seconds
[2024-11-17T20:19:58.014+0000] {processor.py:186} INFO - Started process (PID=716) to work on /opt/airflow/dags/dag.py
[2024-11-17T20:19:58.014+0000] {processor.py:914} INFO - Processing file /opt/airflow/dags/dag.py for tasks to queue
[2024-11-17T20:19:58.016+0000] {logging_mixin.py:190} INFO - [2024-11-17T20:19:58.015+0000] {dagbag.py:588} INFO - Filling up the DagBag from /opt/airflow/dags/dag.py
[2024-11-17T20:19:58.092+0000] {processor.py:925} INFO - DAG(s) 'scrape_and_store_normalized_airbnb_data' retrieved from /opt/airflow/dags/dag.py
[2024-11-17T20:19:58.105+0000] {logging_mixin.py:190} INFO - [2024-11-17T20:19:58.105+0000] {dag.py:3239} INFO - Sync 1 DAGs
[2024-11-17T20:19:58.118+0000] {logging_mixin.py:190} INFO - [2024-11-17T20:19:58.118+0000] {dag.py:4180} INFO - Setting next_dagrun for scrape_and_store_normalized_airbnb_data to None, run_after=None
[2024-11-17T20:19:58.132+0000] {processor.py:208} INFO - Processing /opt/airflow/dags/dag.py took 0.122 seconds
[2024-11-17T20:20:28.191+0000] {processor.py:186} INFO - Started process (PID=780) to work on /opt/airflow/dags/dag.py
[2024-11-17T20:20:28.192+0000] {processor.py:914} INFO - Processing file /opt/airflow/dags/dag.py for tasks to queue
[2024-11-17T20:20:28.195+0000] {logging_mixin.py:190} INFO - [2024-11-17T20:20:28.194+0000] {dagbag.py:588} INFO - Filling up the DagBag from /opt/airflow/dags/dag.py
[2024-11-17T20:20:28.280+0000] {processor.py:925} INFO - DAG(s) 'scrape_and_store_normalized_airbnb_data' retrieved from /opt/airflow/dags/dag.py
[2024-11-17T20:20:28.294+0000] {logging_mixin.py:190} INFO - [2024-11-17T20:20:28.293+0000] {dag.py:3239} INFO - Sync 1 DAGs
[2024-11-17T20:20:28.309+0000] {logging_mixin.py:190} INFO - [2024-11-17T20:20:28.309+0000] {dag.py:4180} INFO - Setting next_dagrun for scrape_and_store_normalized_airbnb_data to None, run_after=None
[2024-11-17T20:20:28.323+0000] {processor.py:208} INFO - Processing /opt/airflow/dags/dag.py took 0.137 seconds
[2024-11-17T20:20:58.438+0000] {processor.py:186} INFO - Started process (PID=844) to work on /opt/airflow/dags/dag.py
[2024-11-17T20:20:58.439+0000] {processor.py:914} INFO - Processing file /opt/airflow/dags/dag.py for tasks to queue
[2024-11-17T20:20:58.441+0000] {logging_mixin.py:190} INFO - [2024-11-17T20:20:58.441+0000] {dagbag.py:588} INFO - Filling up the DagBag from /opt/airflow/dags/dag.py
[2024-11-17T20:20:58.513+0000] {processor.py:925} INFO - DAG(s) 'scrape_and_store_normalized_airbnb_data' retrieved from /opt/airflow/dags/dag.py
[2024-11-17T20:20:58.526+0000] {logging_mixin.py:190} INFO - [2024-11-17T20:20:58.525+0000] {dag.py:3239} INFO - Sync 1 DAGs
[2024-11-17T20:20:58.540+0000] {logging_mixin.py:190} INFO - [2024-11-17T20:20:58.540+0000] {dag.py:4180} INFO - Setting next_dagrun for scrape_and_store_normalized_airbnb_data to None, run_after=None
[2024-11-17T20:20:58.553+0000] {processor.py:208} INFO - Processing /opt/airflow/dags/dag.py took 0.119 seconds
[2024-11-17T20:21:28.883+0000] {processor.py:186} INFO - Started process (PID=908) to work on /opt/airflow/dags/dag.py
[2024-11-17T20:21:28.884+0000] {processor.py:914} INFO - Processing file /opt/airflow/dags/dag.py for tasks to queue
[2024-11-17T20:21:28.886+0000] {logging_mixin.py:190} INFO - [2024-11-17T20:21:28.885+0000] {dagbag.py:588} INFO - Filling up the DagBag from /opt/airflow/dags/dag.py
[2024-11-17T20:21:28.957+0000] {processor.py:925} INFO - DAG(s) 'scrape_and_store_normalized_airbnb_data' retrieved from /opt/airflow/dags/dag.py
[2024-11-17T20:21:28.971+0000] {logging_mixin.py:190} INFO - [2024-11-17T20:21:28.971+0000] {dag.py:3239} INFO - Sync 1 DAGs
[2024-11-17T20:21:28.985+0000] {logging_mixin.py:190} INFO - [2024-11-17T20:21:28.985+0000] {dag.py:4180} INFO - Setting next_dagrun for scrape_and_store_normalized_airbnb_data to None, run_after=None
[2024-11-17T20:21:28.997+0000] {processor.py:208} INFO - Processing /opt/airflow/dags/dag.py took 0.117 seconds
[2024-11-17T20:21:59.248+0000] {processor.py:186} INFO - Started process (PID=973) to work on /opt/airflow/dags/dag.py
[2024-11-17T20:21:59.248+0000] {processor.py:914} INFO - Processing file /opt/airflow/dags/dag.py for tasks to queue
[2024-11-17T20:21:59.250+0000] {logging_mixin.py:190} INFO - [2024-11-17T20:21:59.250+0000] {dagbag.py:588} INFO - Filling up the DagBag from /opt/airflow/dags/dag.py
[2024-11-17T20:21:59.319+0000] {processor.py:925} INFO - DAG(s) 'scrape_and_store_normalized_airbnb_data' retrieved from /opt/airflow/dags/dag.py
[2024-11-17T20:21:59.332+0000] {logging_mixin.py:190} INFO - [2024-11-17T20:21:59.332+0000] {dag.py:3239} INFO - Sync 1 DAGs
[2024-11-17T20:21:59.346+0000] {logging_mixin.py:190} INFO - [2024-11-17T20:21:59.346+0000] {dag.py:4180} INFO - Setting next_dagrun for scrape_and_store_normalized_airbnb_data to None, run_after=None
[2024-11-17T20:21:59.362+0000] {processor.py:208} INFO - Processing /opt/airflow/dags/dag.py took 0.118 seconds
[2024-11-17T20:22:29.584+0000] {processor.py:186} INFO - Started process (PID=1037) to work on /opt/airflow/dags/dag.py
[2024-11-17T20:22:29.585+0000] {processor.py:914} INFO - Processing file /opt/airflow/dags/dag.py for tasks to queue
[2024-11-17T20:22:29.586+0000] {logging_mixin.py:190} INFO - [2024-11-17T20:22:29.586+0000] {dagbag.py:588} INFO - Filling up the DagBag from /opt/airflow/dags/dag.py
[2024-11-17T20:22:29.660+0000] {processor.py:925} INFO - DAG(s) 'scrape_and_store_normalized_airbnb_data' retrieved from /opt/airflow/dags/dag.py
[2024-11-17T20:22:29.673+0000] {logging_mixin.py:190} INFO - [2024-11-17T20:22:29.673+0000] {dag.py:3239} INFO - Sync 1 DAGs
[2024-11-17T20:22:29.687+0000] {logging_mixin.py:190} INFO - [2024-11-17T20:22:29.686+0000] {dag.py:4180} INFO - Setting next_dagrun for scrape_and_store_normalized_airbnb_data to None, run_after=None
[2024-11-17T20:22:29.700+0000] {processor.py:208} INFO - Processing /opt/airflow/dags/dag.py took 0.119 seconds
[2024-11-17T20:22:59.953+0000] {processor.py:186} INFO - Started process (PID=1101) to work on /opt/airflow/dags/dag.py
[2024-11-17T20:22:59.954+0000] {processor.py:914} INFO - Processing file /opt/airflow/dags/dag.py for tasks to queue
[2024-11-17T20:22:59.955+0000] {logging_mixin.py:190} INFO - [2024-11-17T20:22:59.955+0000] {dagbag.py:588} INFO - Filling up the DagBag from /opt/airflow/dags/dag.py
[2024-11-17T20:23:00.027+0000] {processor.py:925} INFO - DAG(s) 'scrape_and_store_normalized_airbnb_data' retrieved from /opt/airflow/dags/dag.py
[2024-11-17T20:23:00.040+0000] {logging_mixin.py:190} INFO - [2024-11-17T20:23:00.040+0000] {dag.py:3239} INFO - Sync 1 DAGs
[2024-11-17T20:23:00.054+0000] {logging_mixin.py:190} INFO - [2024-11-17T20:23:00.054+0000] {dag.py:4180} INFO - Setting next_dagrun for scrape_and_store_normalized_airbnb_data to None, run_after=None
[2024-11-17T20:23:00.067+0000] {processor.py:208} INFO - Processing /opt/airflow/dags/dag.py took 0.118 seconds
[2024-11-17T20:23:30.311+0000] {processor.py:186} INFO - Started process (PID=1165) to work on /opt/airflow/dags/dag.py
[2024-11-17T20:23:30.311+0000] {processor.py:914} INFO - Processing file /opt/airflow/dags/dag.py for tasks to queue
[2024-11-17T20:23:30.313+0000] {logging_mixin.py:190} INFO - [2024-11-17T20:23:30.313+0000] {dagbag.py:588} INFO - Filling up the DagBag from /opt/airflow/dags/dag.py
[2024-11-17T20:23:30.389+0000] {processor.py:925} INFO - DAG(s) 'scrape_and_store_normalized_airbnb_data' retrieved from /opt/airflow/dags/dag.py
[2024-11-17T20:23:30.404+0000] {logging_mixin.py:190} INFO - [2024-11-17T20:23:30.404+0000] {dag.py:3239} INFO - Sync 1 DAGs
[2024-11-17T20:23:30.420+0000] {logging_mixin.py:190} INFO - [2024-11-17T20:23:30.420+0000] {dag.py:4180} INFO - Setting next_dagrun for scrape_and_store_normalized_airbnb_data to None, run_after=None
[2024-11-17T20:23:30.435+0000] {processor.py:208} INFO - Processing /opt/airflow/dags/dag.py took 0.128 seconds
[2024-11-17T20:24:00.925+0000] {processor.py:186} INFO - Started process (PID=1229) to work on /opt/airflow/dags/dag.py
[2024-11-17T20:24:00.925+0000] {processor.py:914} INFO - Processing file /opt/airflow/dags/dag.py for tasks to queue
[2024-11-17T20:24:00.927+0000] {logging_mixin.py:190} INFO - [2024-11-17T20:24:00.927+0000] {dagbag.py:588} INFO - Filling up the DagBag from /opt/airflow/dags/dag.py
[2024-11-17T20:24:00.995+0000] {processor.py:925} INFO - DAG(s) 'scrape_and_store_normalized_airbnb_data' retrieved from /opt/airflow/dags/dag.py
[2024-11-17T20:24:01.009+0000] {logging_mixin.py:190} INFO - [2024-11-17T20:24:01.008+0000] {dag.py:3239} INFO - Sync 1 DAGs
[2024-11-17T20:24:01.023+0000] {logging_mixin.py:190} INFO - [2024-11-17T20:24:01.023+0000] {dag.py:4180} INFO - Setting next_dagrun for scrape_and_store_normalized_airbnb_data to None, run_after=None
[2024-11-17T20:24:01.036+0000] {processor.py:208} INFO - Processing /opt/airflow/dags/dag.py took 0.115 seconds
[2024-11-17T20:24:31.461+0000] {processor.py:186} INFO - Started process (PID=1293) to work on /opt/airflow/dags/dag.py
[2024-11-17T20:24:31.462+0000] {processor.py:914} INFO - Processing file /opt/airflow/dags/dag.py for tasks to queue
[2024-11-17T20:24:31.464+0000] {logging_mixin.py:190} INFO - [2024-11-17T20:24:31.464+0000] {dagbag.py:588} INFO - Filling up the DagBag from /opt/airflow/dags/dag.py
[2024-11-17T20:24:31.535+0000] {processor.py:925} INFO - DAG(s) 'scrape_and_store_normalized_airbnb_data' retrieved from /opt/airflow/dags/dag.py
[2024-11-17T20:24:31.549+0000] {logging_mixin.py:190} INFO - [2024-11-17T20:24:31.548+0000] {dag.py:3239} INFO - Sync 1 DAGs
[2024-11-17T20:24:31.563+0000] {logging_mixin.py:190} INFO - [2024-11-17T20:24:31.563+0000] {dag.py:4180} INFO - Setting next_dagrun for scrape_and_store_normalized_airbnb_data to None, run_after=None
[2024-11-17T20:24:31.577+0000] {processor.py:208} INFO - Processing /opt/airflow/dags/dag.py took 0.119 seconds
[2024-11-17T20:25:02.005+0000] {processor.py:186} INFO - Started process (PID=1357) to work on /opt/airflow/dags/dag.py
[2024-11-17T20:25:02.006+0000] {processor.py:914} INFO - Processing file /opt/airflow/dags/dag.py for tasks to queue
[2024-11-17T20:25:02.007+0000] {logging_mixin.py:190} INFO - [2024-11-17T20:25:02.007+0000] {dagbag.py:588} INFO - Filling up the DagBag from /opt/airflow/dags/dag.py
[2024-11-17T20:25:02.075+0000] {processor.py:925} INFO - DAG(s) 'scrape_and_store_normalized_airbnb_data' retrieved from /opt/airflow/dags/dag.py
[2024-11-17T20:25:02.088+0000] {logging_mixin.py:190} INFO - [2024-11-17T20:25:02.088+0000] {dag.py:3239} INFO - Sync 1 DAGs
[2024-11-17T20:25:02.101+0000] {logging_mixin.py:190} INFO - [2024-11-17T20:25:02.101+0000] {dag.py:4180} INFO - Setting next_dagrun for scrape_and_store_normalized_airbnb_data to None, run_after=None
[2024-11-17T20:25:02.115+0000] {processor.py:208} INFO - Processing /opt/airflow/dags/dag.py took 0.113 seconds
[2024-11-17T20:25:32.428+0000] {processor.py:186} INFO - Started process (PID=1421) to work on /opt/airflow/dags/dag.py
[2024-11-17T20:25:32.429+0000] {processor.py:914} INFO - Processing file /opt/airflow/dags/dag.py for tasks to queue
[2024-11-17T20:25:32.431+0000] {logging_mixin.py:190} INFO - [2024-11-17T20:25:32.430+0000] {dagbag.py:588} INFO - Filling up the DagBag from /opt/airflow/dags/dag.py
[2024-11-17T20:25:32.502+0000] {processor.py:925} INFO - DAG(s) 'scrape_and_store_normalized_airbnb_data' retrieved from /opt/airflow/dags/dag.py
[2024-11-17T20:25:32.515+0000] {logging_mixin.py:190} INFO - [2024-11-17T20:25:32.515+0000] {dag.py:3239} INFO - Sync 1 DAGs
[2024-11-17T20:25:32.529+0000] {logging_mixin.py:190} INFO - [2024-11-17T20:25:32.528+0000] {dag.py:4180} INFO - Setting next_dagrun for scrape_and_store_normalized_airbnb_data to None, run_after=None
[2024-11-17T20:25:32.541+0000] {processor.py:208} INFO - Processing /opt/airflow/dags/dag.py took 0.116 seconds
[2024-11-17T20:26:02.794+0000] {processor.py:186} INFO - Started process (PID=1485) to work on /opt/airflow/dags/dag.py
[2024-11-17T20:26:02.795+0000] {processor.py:914} INFO - Processing file /opt/airflow/dags/dag.py for tasks to queue
[2024-11-17T20:26:02.796+0000] {logging_mixin.py:190} INFO - [2024-11-17T20:26:02.796+0000] {dagbag.py:588} INFO - Filling up the DagBag from /opt/airflow/dags/dag.py
[2024-11-17T20:26:02.868+0000] {processor.py:925} INFO - DAG(s) 'scrape_and_store_normalized_airbnb_data' retrieved from /opt/airflow/dags/dag.py
[2024-11-17T20:26:02.882+0000] {logging_mixin.py:190} INFO - [2024-11-17T20:26:02.882+0000] {dag.py:3239} INFO - Sync 1 DAGs
[2024-11-17T20:26:02.897+0000] {logging_mixin.py:190} INFO - [2024-11-17T20:26:02.897+0000] {dag.py:4180} INFO - Setting next_dagrun for scrape_and_store_normalized_airbnb_data to None, run_after=None
[2024-11-17T20:26:02.911+0000] {processor.py:208} INFO - Processing /opt/airflow/dags/dag.py took 0.120 seconds
[2024-11-17T20:26:33.034+0000] {processor.py:186} INFO - Started process (PID=1549) to work on /opt/airflow/dags/dag.py
[2024-11-17T20:26:33.035+0000] {processor.py:914} INFO - Processing file /opt/airflow/dags/dag.py for tasks to queue
[2024-11-17T20:26:33.037+0000] {logging_mixin.py:190} INFO - [2024-11-17T20:26:33.037+0000] {dagbag.py:588} INFO - Filling up the DagBag from /opt/airflow/dags/dag.py
[2024-11-17T20:26:33.114+0000] {processor.py:925} INFO - DAG(s) 'scrape_and_store_normalized_airbnb_data' retrieved from /opt/airflow/dags/dag.py
[2024-11-17T20:26:33.127+0000] {logging_mixin.py:190} INFO - [2024-11-17T20:26:33.126+0000] {dag.py:3239} INFO - Sync 1 DAGs
[2024-11-17T20:26:33.142+0000] {logging_mixin.py:190} INFO - [2024-11-17T20:26:33.142+0000] {dag.py:4180} INFO - Setting next_dagrun for scrape_and_store_normalized_airbnb_data to None, run_after=None
[2024-11-17T20:26:33.155+0000] {processor.py:208} INFO - Processing /opt/airflow/dags/dag.py took 0.126 seconds
[2024-11-17T20:27:03.463+0000] {processor.py:186} INFO - Started process (PID=1613) to work on /opt/airflow/dags/dag.py
[2024-11-17T20:27:03.463+0000] {processor.py:914} INFO - Processing file /opt/airflow/dags/dag.py for tasks to queue
[2024-11-17T20:27:03.465+0000] {logging_mixin.py:190} INFO - [2024-11-17T20:27:03.465+0000] {dagbag.py:588} INFO - Filling up the DagBag from /opt/airflow/dags/dag.py
[2024-11-17T20:27:03.536+0000] {processor.py:925} INFO - DAG(s) 'scrape_and_store_normalized_airbnb_data' retrieved from /opt/airflow/dags/dag.py
[2024-11-17T20:27:03.548+0000] {logging_mixin.py:190} INFO - [2024-11-17T20:27:03.548+0000] {dag.py:3239} INFO - Sync 1 DAGs
[2024-11-17T20:27:03.562+0000] {logging_mixin.py:190} INFO - [2024-11-17T20:27:03.562+0000] {dag.py:4180} INFO - Setting next_dagrun for scrape_and_store_normalized_airbnb_data to None, run_after=None
[2024-11-17T20:27:03.574+0000] {processor.py:208} INFO - Processing /opt/airflow/dags/dag.py took 0.117 seconds
[2024-11-17T20:27:34.036+0000] {processor.py:186} INFO - Started process (PID=1677) to work on /opt/airflow/dags/dag.py
[2024-11-17T20:27:34.036+0000] {processor.py:914} INFO - Processing file /opt/airflow/dags/dag.py for tasks to queue
[2024-11-17T20:27:34.038+0000] {logging_mixin.py:190} INFO - [2024-11-17T20:27:34.038+0000] {dagbag.py:588} INFO - Filling up the DagBag from /opt/airflow/dags/dag.py
[2024-11-17T20:27:34.114+0000] {processor.py:925} INFO - DAG(s) 'scrape_and_store_normalized_airbnb_data' retrieved from /opt/airflow/dags/dag.py
[2024-11-17T20:27:34.127+0000] {logging_mixin.py:190} INFO - [2024-11-17T20:27:34.127+0000] {dag.py:3239} INFO - Sync 1 DAGs
[2024-11-17T20:27:34.142+0000] {logging_mixin.py:190} INFO - [2024-11-17T20:27:34.142+0000] {dag.py:4180} INFO - Setting next_dagrun for scrape_and_store_normalized_airbnb_data to None, run_after=None
[2024-11-17T20:27:34.155+0000] {processor.py:208} INFO - Processing /opt/airflow/dags/dag.py took 0.123 seconds
[2024-11-17T20:28:04.816+0000] {processor.py:186} INFO - Started process (PID=1741) to work on /opt/airflow/dags/dag.py
[2024-11-17T20:28:04.817+0000] {processor.py:914} INFO - Processing file /opt/airflow/dags/dag.py for tasks to queue
[2024-11-17T20:28:04.819+0000] {logging_mixin.py:190} INFO - [2024-11-17T20:28:04.818+0000] {dagbag.py:588} INFO - Filling up the DagBag from /opt/airflow/dags/dag.py
[2024-11-17T20:28:04.898+0000] {processor.py:925} INFO - DAG(s) 'scrape_and_store_normalized_airbnb_data' retrieved from /opt/airflow/dags/dag.py
[2024-11-17T20:28:04.915+0000] {logging_mixin.py:190} INFO - [2024-11-17T20:28:04.914+0000] {dag.py:3239} INFO - Sync 1 DAGs
[2024-11-17T20:28:04.931+0000] {logging_mixin.py:190} INFO - [2024-11-17T20:28:04.931+0000] {dag.py:4180} INFO - Setting next_dagrun for scrape_and_store_normalized_airbnb_data to None, run_after=None
[2024-11-17T20:28:04.945+0000] {processor.py:208} INFO - Processing /opt/airflow/dags/dag.py took 0.133 seconds
[2024-11-17T20:28:35.427+0000] {processor.py:186} INFO - Started process (PID=1805) to work on /opt/airflow/dags/dag.py
[2024-11-17T20:28:35.428+0000] {processor.py:914} INFO - Processing file /opt/airflow/dags/dag.py for tasks to queue
[2024-11-17T20:28:35.429+0000] {logging_mixin.py:190} INFO - [2024-11-17T20:28:35.429+0000] {dagbag.py:588} INFO - Filling up the DagBag from /opt/airflow/dags/dag.py
[2024-11-17T20:28:35.502+0000] {processor.py:925} INFO - DAG(s) 'scrape_and_store_normalized_airbnb_data' retrieved from /opt/airflow/dags/dag.py
[2024-11-17T20:28:35.515+0000] {logging_mixin.py:190} INFO - [2024-11-17T20:28:35.515+0000] {dag.py:3239} INFO - Sync 1 DAGs
[2024-11-17T20:28:35.528+0000] {logging_mixin.py:190} INFO - [2024-11-17T20:28:35.528+0000] {dag.py:4180} INFO - Setting next_dagrun for scrape_and_store_normalized_airbnb_data to None, run_after=None
[2024-11-17T20:28:35.541+0000] {processor.py:208} INFO - Processing /opt/airflow/dags/dag.py took 0.118 seconds
[2024-11-17T20:29:05.764+0000] {processor.py:186} INFO - Started process (PID=1869) to work on /opt/airflow/dags/dag.py
[2024-11-17T20:29:05.764+0000] {processor.py:914} INFO - Processing file /opt/airflow/dags/dag.py for tasks to queue
[2024-11-17T20:29:05.766+0000] {logging_mixin.py:190} INFO - [2024-11-17T20:29:05.766+0000] {dagbag.py:588} INFO - Filling up the DagBag from /opt/airflow/dags/dag.py
[2024-11-17T20:29:05.839+0000] {processor.py:925} INFO - DAG(s) 'scrape_and_store_normalized_airbnb_data' retrieved from /opt/airflow/dags/dag.py
[2024-11-17T20:29:05.852+0000] {logging_mixin.py:190} INFO - [2024-11-17T20:29:05.851+0000] {dag.py:3239} INFO - Sync 1 DAGs
[2024-11-17T20:29:05.865+0000] {logging_mixin.py:190} INFO - [2024-11-17T20:29:05.865+0000] {dag.py:4180} INFO - Setting next_dagrun for scrape_and_store_normalized_airbnb_data to None, run_after=None
[2024-11-17T20:29:05.879+0000] {processor.py:208} INFO - Processing /opt/airflow/dags/dag.py took 0.119 seconds
[2024-11-17T20:29:36.404+0000] {processor.py:186} INFO - Started process (PID=1933) to work on /opt/airflow/dags/dag.py
[2024-11-17T20:29:36.405+0000] {processor.py:914} INFO - Processing file /opt/airflow/dags/dag.py for tasks to queue
[2024-11-17T20:29:36.406+0000] {logging_mixin.py:190} INFO - [2024-11-17T20:29:36.406+0000] {dagbag.py:588} INFO - Filling up the DagBag from /opt/airflow/dags/dag.py
[2024-11-17T20:29:36.484+0000] {processor.py:925} INFO - DAG(s) 'scrape_and_store_normalized_airbnb_data' retrieved from /opt/airflow/dags/dag.py
[2024-11-17T20:29:36.499+0000] {logging_mixin.py:190} INFO - [2024-11-17T20:29:36.499+0000] {dag.py:3239} INFO - Sync 1 DAGs
[2024-11-17T20:29:36.516+0000] {logging_mixin.py:190} INFO - [2024-11-17T20:29:36.516+0000] {dag.py:4180} INFO - Setting next_dagrun for scrape_and_store_normalized_airbnb_data to None, run_after=None
[2024-11-17T20:29:36.543+0000] {processor.py:208} INFO - Processing /opt/airflow/dags/dag.py took 0.143 seconds
[2024-11-17T20:30:03.107+0000] {processor.py:186} INFO - Started process (PID=1997) to work on /opt/airflow/dags/dag.py
[2024-11-17T20:30:03.108+0000] {processor.py:914} INFO - Processing file /opt/airflow/dags/dag.py for tasks to queue
[2024-11-17T20:30:03.109+0000] {logging_mixin.py:190} INFO - [2024-11-17T20:30:03.109+0000] {dagbag.py:588} INFO - Filling up the DagBag from /opt/airflow/dags/dag.py
[2024-11-17T20:30:03.183+0000] {processor.py:925} INFO - DAG(s) 'scrape_and_store_normalized_airbnb_data' retrieved from /opt/airflow/dags/dag.py
[2024-11-17T20:30:03.197+0000] {logging_mixin.py:190} INFO - [2024-11-17T20:30:03.196+0000] {dag.py:3239} INFO - Sync 1 DAGs
[2024-11-17T20:30:03.211+0000] {logging_mixin.py:190} INFO - [2024-11-17T20:30:03.211+0000] {dag.py:4180} INFO - Setting next_dagrun for scrape_and_store_normalized_airbnb_data to None, run_after=None
[2024-11-17T20:30:03.224+0000] {processor.py:208} INFO - Processing /opt/airflow/dags/dag.py took 0.120 seconds
[2024-11-17T20:30:33.512+0000] {processor.py:186} INFO - Started process (PID=2061) to work on /opt/airflow/dags/dag.py
[2024-11-17T20:30:33.513+0000] {processor.py:914} INFO - Processing file /opt/airflow/dags/dag.py for tasks to queue
[2024-11-17T20:30:33.515+0000] {logging_mixin.py:190} INFO - [2024-11-17T20:30:33.515+0000] {dagbag.py:588} INFO - Filling up the DagBag from /opt/airflow/dags/dag.py
[2024-11-17T20:30:33.588+0000] {processor.py:925} INFO - DAG(s) 'scrape_and_store_normalized_airbnb_data' retrieved from /opt/airflow/dags/dag.py
[2024-11-17T20:30:33.602+0000] {logging_mixin.py:190} INFO - [2024-11-17T20:30:33.602+0000] {dag.py:3239} INFO - Sync 1 DAGs
[2024-11-17T20:30:33.617+0000] {logging_mixin.py:190} INFO - [2024-11-17T20:30:33.617+0000] {dag.py:4180} INFO - Setting next_dagrun for scrape_and_store_normalized_airbnb_data to None, run_after=None
[2024-11-17T20:30:33.631+0000] {processor.py:208} INFO - Processing /opt/airflow/dags/dag.py took 0.123 seconds
[2024-11-17T20:31:04.113+0000] {processor.py:186} INFO - Started process (PID=2125) to work on /opt/airflow/dags/dag.py
[2024-11-17T20:31:04.114+0000] {processor.py:914} INFO - Processing file /opt/airflow/dags/dag.py for tasks to queue
[2024-11-17T20:31:04.116+0000] {logging_mixin.py:190} INFO - [2024-11-17T20:31:04.116+0000] {dagbag.py:588} INFO - Filling up the DagBag from /opt/airflow/dags/dag.py
[2024-11-17T20:31:04.184+0000] {processor.py:925} INFO - DAG(s) 'scrape_and_store_normalized_airbnb_data' retrieved from /opt/airflow/dags/dag.py
[2024-11-17T20:31:04.196+0000] {logging_mixin.py:190} INFO - [2024-11-17T20:31:04.196+0000] {dag.py:3239} INFO - Sync 1 DAGs
[2024-11-17T20:31:04.209+0000] {logging_mixin.py:190} INFO - [2024-11-17T20:31:04.208+0000] {dag.py:4180} INFO - Setting next_dagrun for scrape_and_store_normalized_airbnb_data to None, run_after=None
[2024-11-17T20:31:04.220+0000] {processor.py:208} INFO - Processing /opt/airflow/dags/dag.py took 0.110 seconds
[2024-11-17T20:31:34.614+0000] {processor.py:186} INFO - Started process (PID=2189) to work on /opt/airflow/dags/dag.py
[2024-11-17T20:31:34.615+0000] {processor.py:914} INFO - Processing file /opt/airflow/dags/dag.py for tasks to queue
[2024-11-17T20:31:34.617+0000] {logging_mixin.py:190} INFO - [2024-11-17T20:31:34.617+0000] {dagbag.py:588} INFO - Filling up the DagBag from /opt/airflow/dags/dag.py
[2024-11-17T20:31:34.687+0000] {processor.py:925} INFO - DAG(s) 'scrape_and_store_normalized_airbnb_data' retrieved from /opt/airflow/dags/dag.py
[2024-11-17T20:31:34.700+0000] {logging_mixin.py:190} INFO - [2024-11-17T20:31:34.700+0000] {dag.py:3239} INFO - Sync 1 DAGs
[2024-11-17T20:31:34.716+0000] {logging_mixin.py:190} INFO - [2024-11-17T20:31:34.716+0000] {dag.py:4180} INFO - Setting next_dagrun for scrape_and_store_normalized_airbnb_data to None, run_after=None
[2024-11-17T20:31:34.732+0000] {processor.py:208} INFO - Processing /opt/airflow/dags/dag.py took 0.121 seconds
[2024-11-17T20:32:05.454+0000] {processor.py:186} INFO - Started process (PID=2253) to work on /opt/airflow/dags/dag.py
[2024-11-17T20:32:05.454+0000] {processor.py:914} INFO - Processing file /opt/airflow/dags/dag.py for tasks to queue
[2024-11-17T20:32:05.457+0000] {logging_mixin.py:190} INFO - [2024-11-17T20:32:05.456+0000] {dagbag.py:588} INFO - Filling up the DagBag from /opt/airflow/dags/dag.py
[2024-11-17T20:32:05.528+0000] {processor.py:925} INFO - DAG(s) 'scrape_and_store_normalized_airbnb_data' retrieved from /opt/airflow/dags/dag.py
[2024-11-17T20:32:05.543+0000] {logging_mixin.py:190} INFO - [2024-11-17T20:32:05.542+0000] {dag.py:3239} INFO - Sync 1 DAGs
[2024-11-17T20:32:05.556+0000] {logging_mixin.py:190} INFO - [2024-11-17T20:32:05.556+0000] {dag.py:4180} INFO - Setting next_dagrun for scrape_and_store_normalized_airbnb_data to None, run_after=None
[2024-11-17T20:32:05.569+0000] {processor.py:208} INFO - Processing /opt/airflow/dags/dag.py took 0.120 seconds
[2024-11-17T20:32:35.810+0000] {processor.py:186} INFO - Started process (PID=2317) to work on /opt/airflow/dags/dag.py
[2024-11-17T20:32:35.810+0000] {processor.py:914} INFO - Processing file /opt/airflow/dags/dag.py for tasks to queue
[2024-11-17T20:32:35.812+0000] {logging_mixin.py:190} INFO - [2024-11-17T20:32:35.812+0000] {dagbag.py:588} INFO - Filling up the DagBag from /opt/airflow/dags/dag.py
[2024-11-17T20:32:35.891+0000] {processor.py:925} INFO - DAG(s) 'scrape_and_store_normalized_airbnb_data' retrieved from /opt/airflow/dags/dag.py
[2024-11-17T20:32:35.907+0000] {logging_mixin.py:190} INFO - [2024-11-17T20:32:35.906+0000] {dag.py:3239} INFO - Sync 1 DAGs
[2024-11-17T20:32:35.922+0000] {logging_mixin.py:190} INFO - [2024-11-17T20:32:35.922+0000] {dag.py:4180} INFO - Setting next_dagrun for scrape_and_store_normalized_airbnb_data to None, run_after=None
[2024-11-17T20:32:35.934+0000] {processor.py:208} INFO - Processing /opt/airflow/dags/dag.py took 0.129 seconds
[2024-11-17T20:33:06.503+0000] {processor.py:186} INFO - Started process (PID=2381) to work on /opt/airflow/dags/dag.py
[2024-11-17T20:33:06.504+0000] {processor.py:914} INFO - Processing file /opt/airflow/dags/dag.py for tasks to queue
[2024-11-17T20:33:06.506+0000] {logging_mixin.py:190} INFO - [2024-11-17T20:33:06.505+0000] {dagbag.py:588} INFO - Filling up the DagBag from /opt/airflow/dags/dag.py
[2024-11-17T20:33:06.577+0000] {processor.py:925} INFO - DAG(s) 'scrape_and_store_normalized_airbnb_data' retrieved from /opt/airflow/dags/dag.py
[2024-11-17T20:33:06.589+0000] {logging_mixin.py:190} INFO - [2024-11-17T20:33:06.589+0000] {dag.py:3239} INFO - Sync 1 DAGs
[2024-11-17T20:33:06.605+0000] {logging_mixin.py:190} INFO - [2024-11-17T20:33:06.605+0000] {dag.py:4180} INFO - Setting next_dagrun for scrape_and_store_normalized_airbnb_data to None, run_after=None
[2024-11-17T20:33:06.620+0000] {processor.py:208} INFO - Processing /opt/airflow/dags/dag.py took 0.120 seconds
[2024-11-17T20:33:37.074+0000] {processor.py:186} INFO - Started process (PID=2445) to work on /opt/airflow/dags/dag.py
[2024-11-17T20:33:37.075+0000] {processor.py:914} INFO - Processing file /opt/airflow/dags/dag.py for tasks to queue
[2024-11-17T20:33:37.076+0000] {logging_mixin.py:190} INFO - [2024-11-17T20:33:37.076+0000] {dagbag.py:588} INFO - Filling up the DagBag from /opt/airflow/dags/dag.py
[2024-11-17T20:33:37.146+0000] {processor.py:925} INFO - DAG(s) 'scrape_and_store_normalized_airbnb_data' retrieved from /opt/airflow/dags/dag.py
[2024-11-17T20:33:37.160+0000] {logging_mixin.py:190} INFO - [2024-11-17T20:33:37.160+0000] {dag.py:3239} INFO - Sync 1 DAGs
[2024-11-17T20:33:37.315+0000] {logging_mixin.py:190} INFO - [2024-11-17T20:33:37.315+0000] {dag.py:4180} INFO - Setting next_dagrun for scrape_and_store_normalized_airbnb_data to None, run_after=None
[2024-11-17T20:33:37.329+0000] {processor.py:208} INFO - Processing /opt/airflow/dags/dag.py took 0.259 seconds
[2024-11-17T20:34:07.945+0000] {processor.py:186} INFO - Started process (PID=2509) to work on /opt/airflow/dags/dag.py
[2024-11-17T20:34:07.946+0000] {processor.py:914} INFO - Processing file /opt/airflow/dags/dag.py for tasks to queue
[2024-11-17T20:34:07.948+0000] {logging_mixin.py:190} INFO - [2024-11-17T20:34:07.948+0000] {dagbag.py:588} INFO - Filling up the DagBag from /opt/airflow/dags/dag.py
[2024-11-17T20:34:08.018+0000] {processor.py:925} INFO - DAG(s) 'scrape_and_store_normalized_airbnb_data' retrieved from /opt/airflow/dags/dag.py
[2024-11-17T20:34:08.031+0000] {logging_mixin.py:190} INFO - [2024-11-17T20:34:08.031+0000] {dag.py:3239} INFO - Sync 1 DAGs
[2024-11-17T20:34:08.045+0000] {logging_mixin.py:190} INFO - [2024-11-17T20:34:08.045+0000] {dag.py:4180} INFO - Setting next_dagrun for scrape_and_store_normalized_airbnb_data to None, run_after=None
[2024-11-17T20:34:08.181+0000] {processor.py:208} INFO - Processing /opt/airflow/dags/dag.py took 0.239 seconds
[2024-11-17T20:41:29.894+0000] {processor.py:186} INFO - Started process (PID=69) to work on /opt/airflow/dags/dag.py
[2024-11-17T20:41:29.894+0000] {processor.py:914} INFO - Processing file /opt/airflow/dags/dag.py for tasks to queue
[2024-11-17T20:41:29.896+0000] {logging_mixin.py:190} INFO - [2024-11-17T20:41:29.896+0000] {dagbag.py:588} INFO - Filling up the DagBag from /opt/airflow/dags/dag.py
[2024-11-17T20:41:30.014+0000] {processor.py:925} INFO - DAG(s) 'scrape_and_store_normalized_airbnb_data' retrieved from /opt/airflow/dags/dag.py
[2024-11-17T20:41:30.033+0000] {logging_mixin.py:190} INFO - [2024-11-17T20:41:30.033+0000] {dag.py:3239} INFO - Sync 1 DAGs
[2024-11-17T20:41:30.048+0000] {logging_mixin.py:190} INFO - [2024-11-17T20:41:30.048+0000] {dag.py:4180} INFO - Setting next_dagrun for scrape_and_store_normalized_airbnb_data to None, run_after=None
[2024-11-17T20:41:30.076+0000] {processor.py:208} INFO - Processing /opt/airflow/dags/dag.py took 0.186 seconds
[2024-11-17T20:42:00.609+0000] {processor.py:186} INFO - Started process (PID=133) to work on /opt/airflow/dags/dag.py
[2024-11-17T20:42:00.611+0000] {processor.py:914} INFO - Processing file /opt/airflow/dags/dag.py for tasks to queue
[2024-11-17T20:42:00.612+0000] {logging_mixin.py:190} INFO - [2024-11-17T20:42:00.612+0000] {dagbag.py:588} INFO - Filling up the DagBag from /opt/airflow/dags/dag.py
[2024-11-17T20:42:00.688+0000] {processor.py:925} INFO - DAG(s) 'scrape_and_store_normalized_airbnb_data' retrieved from /opt/airflow/dags/dag.py
[2024-11-17T20:42:00.705+0000] {logging_mixin.py:190} INFO - [2024-11-17T20:42:00.704+0000] {dag.py:3239} INFO - Sync 1 DAGs
[2024-11-17T20:42:00.722+0000] {logging_mixin.py:190} INFO - [2024-11-17T20:42:00.722+0000] {dag.py:4180} INFO - Setting next_dagrun for scrape_and_store_normalized_airbnb_data to None, run_after=None
[2024-11-17T20:42:00.736+0000] {processor.py:208} INFO - Processing /opt/airflow/dags/dag.py took 0.131 seconds
[2024-11-17T20:42:31.191+0000] {processor.py:186} INFO - Started process (PID=197) to work on /opt/airflow/dags/dag.py
[2024-11-17T20:42:31.191+0000] {processor.py:914} INFO - Processing file /opt/airflow/dags/dag.py for tasks to queue
[2024-11-17T20:42:31.194+0000] {logging_mixin.py:190} INFO - [2024-11-17T20:42:31.193+0000] {dagbag.py:588} INFO - Filling up the DagBag from /opt/airflow/dags/dag.py
[2024-11-17T20:42:31.276+0000] {processor.py:925} INFO - DAG(s) 'scrape_and_store_normalized_airbnb_data' retrieved from /opt/airflow/dags/dag.py
[2024-11-17T20:42:31.291+0000] {logging_mixin.py:190} INFO - [2024-11-17T20:42:31.291+0000] {dag.py:3239} INFO - Sync 1 DAGs
[2024-11-17T20:42:31.310+0000] {logging_mixin.py:190} INFO - [2024-11-17T20:42:31.309+0000] {dag.py:4180} INFO - Setting next_dagrun for scrape_and_store_normalized_airbnb_data to None, run_after=None
[2024-11-17T20:42:31.326+0000] {processor.py:208} INFO - Processing /opt/airflow/dags/dag.py took 0.141 seconds
[2024-11-17T20:43:01.859+0000] {processor.py:186} INFO - Started process (PID=261) to work on /opt/airflow/dags/dag.py
[2024-11-17T20:43:01.860+0000] {processor.py:914} INFO - Processing file /opt/airflow/dags/dag.py for tasks to queue
[2024-11-17T20:43:01.862+0000] {logging_mixin.py:190} INFO - [2024-11-17T20:43:01.861+0000] {dagbag.py:588} INFO - Filling up the DagBag from /opt/airflow/dags/dag.py
[2024-11-17T20:43:01.937+0000] {processor.py:925} INFO - DAG(s) 'scrape_and_store_normalized_airbnb_data' retrieved from /opt/airflow/dags/dag.py
[2024-11-17T20:43:01.950+0000] {logging_mixin.py:190} INFO - [2024-11-17T20:43:01.950+0000] {dag.py:3239} INFO - Sync 1 DAGs
[2024-11-17T20:43:01.965+0000] {logging_mixin.py:190} INFO - [2024-11-17T20:43:01.965+0000] {dag.py:4180} INFO - Setting next_dagrun for scrape_and_store_normalized_airbnb_data to None, run_after=None
[2024-11-17T20:43:01.979+0000] {processor.py:208} INFO - Processing /opt/airflow/dags/dag.py took 0.124 seconds
[2024-11-17T20:43:32.585+0000] {processor.py:186} INFO - Started process (PID=325) to work on /opt/airflow/dags/dag.py
[2024-11-17T20:43:32.585+0000] {processor.py:914} INFO - Processing file /opt/airflow/dags/dag.py for tasks to queue
[2024-11-17T20:43:32.587+0000] {logging_mixin.py:190} INFO - [2024-11-17T20:43:32.587+0000] {dagbag.py:588} INFO - Filling up the DagBag from /opt/airflow/dags/dag.py
[2024-11-17T20:43:32.665+0000] {processor.py:925} INFO - DAG(s) 'scrape_and_store_normalized_airbnb_data' retrieved from /opt/airflow/dags/dag.py
[2024-11-17T20:43:32.681+0000] {logging_mixin.py:190} INFO - [2024-11-17T20:43:32.681+0000] {dag.py:3239} INFO - Sync 1 DAGs
[2024-11-17T20:43:32.698+0000] {logging_mixin.py:190} INFO - [2024-11-17T20:43:32.698+0000] {dag.py:4180} INFO - Setting next_dagrun for scrape_and_store_normalized_airbnb_data to None, run_after=None
[2024-11-17T20:43:32.714+0000] {processor.py:208} INFO - Processing /opt/airflow/dags/dag.py took 0.133 seconds
[2024-11-17T20:44:03.017+0000] {processor.py:186} INFO - Started process (PID=390) to work on /opt/airflow/dags/dag.py
[2024-11-17T20:44:03.018+0000] {processor.py:914} INFO - Processing file /opt/airflow/dags/dag.py for tasks to queue
[2024-11-17T20:44:03.020+0000] {logging_mixin.py:190} INFO - [2024-11-17T20:44:03.020+0000] {dagbag.py:588} INFO - Filling up the DagBag from /opt/airflow/dags/dag.py
[2024-11-17T20:44:03.096+0000] {processor.py:925} INFO - DAG(s) 'scrape_and_store_normalized_airbnb_data' retrieved from /opt/airflow/dags/dag.py
[2024-11-17T20:44:03.108+0000] {logging_mixin.py:190} INFO - [2024-11-17T20:44:03.108+0000] {dag.py:3239} INFO - Sync 1 DAGs
[2024-11-17T20:44:03.122+0000] {logging_mixin.py:190} INFO - [2024-11-17T20:44:03.122+0000] {dag.py:4180} INFO - Setting next_dagrun for scrape_and_store_normalized_airbnb_data to None, run_after=None
[2024-11-17T20:44:03.135+0000] {processor.py:208} INFO - Processing /opt/airflow/dags/dag.py took 0.123 seconds
[2024-11-17T20:44:33.386+0000] {processor.py:186} INFO - Started process (PID=454) to work on /opt/airflow/dags/dag.py
[2024-11-17T20:44:33.386+0000] {processor.py:914} INFO - Processing file /opt/airflow/dags/dag.py for tasks to queue
[2024-11-17T20:44:33.388+0000] {logging_mixin.py:190} INFO - [2024-11-17T20:44:33.388+0000] {dagbag.py:588} INFO - Filling up the DagBag from /opt/airflow/dags/dag.py
[2024-11-17T20:44:33.463+0000] {processor.py:925} INFO - DAG(s) 'scrape_and_store_normalized_airbnb_data' retrieved from /opt/airflow/dags/dag.py
[2024-11-17T20:44:33.478+0000] {logging_mixin.py:190} INFO - [2024-11-17T20:44:33.477+0000] {dag.py:3239} INFO - Sync 1 DAGs
[2024-11-17T20:44:33.494+0000] {logging_mixin.py:190} INFO - [2024-11-17T20:44:33.494+0000] {dag.py:4180} INFO - Setting next_dagrun for scrape_and_store_normalized_airbnb_data to None, run_after=None
[2024-11-17T20:44:33.510+0000] {processor.py:208} INFO - Processing /opt/airflow/dags/dag.py took 0.128 seconds
[2024-11-17T20:45:04.279+0000] {processor.py:186} INFO - Started process (PID=518) to work on /opt/airflow/dags/dag.py
[2024-11-17T20:45:04.279+0000] {processor.py:914} INFO - Processing file /opt/airflow/dags/dag.py for tasks to queue
[2024-11-17T20:45:04.281+0000] {logging_mixin.py:190} INFO - [2024-11-17T20:45:04.281+0000] {dagbag.py:588} INFO - Filling up the DagBag from /opt/airflow/dags/dag.py
[2024-11-17T20:45:04.354+0000] {processor.py:925} INFO - DAG(s) 'scrape_and_store_normalized_airbnb_data' retrieved from /opt/airflow/dags/dag.py
[2024-11-17T20:45:04.369+0000] {logging_mixin.py:190} INFO - [2024-11-17T20:45:04.368+0000] {dag.py:3239} INFO - Sync 1 DAGs
[2024-11-17T20:45:04.384+0000] {logging_mixin.py:190} INFO - [2024-11-17T20:45:04.384+0000] {dag.py:4180} INFO - Setting next_dagrun for scrape_and_store_normalized_airbnb_data to None, run_after=None
[2024-11-17T20:45:04.398+0000] {processor.py:208} INFO - Processing /opt/airflow/dags/dag.py took 0.123 seconds
[2024-11-17T20:45:35.256+0000] {processor.py:186} INFO - Started process (PID=588) to work on /opt/airflow/dags/dag.py
[2024-11-17T20:45:35.257+0000] {processor.py:914} INFO - Processing file /opt/airflow/dags/dag.py for tasks to queue
[2024-11-17T20:45:35.258+0000] {logging_mixin.py:190} INFO - [2024-11-17T20:45:35.258+0000] {dagbag.py:588} INFO - Filling up the DagBag from /opt/airflow/dags/dag.py
[2024-11-17T20:45:35.338+0000] {processor.py:925} INFO - DAG(s) 'scrape_and_store_normalized_airbnb_data' retrieved from /opt/airflow/dags/dag.py
[2024-11-17T20:45:35.354+0000] {logging_mixin.py:190} INFO - [2024-11-17T20:45:35.354+0000] {dag.py:3239} INFO - Sync 1 DAGs
[2024-11-17T20:45:35.369+0000] {logging_mixin.py:190} INFO - [2024-11-17T20:45:35.369+0000] {dag.py:4180} INFO - Setting next_dagrun for scrape_and_store_normalized_airbnb_data to None, run_after=None
[2024-11-17T20:45:35.382+0000] {processor.py:208} INFO - Processing /opt/airflow/dags/dag.py took 0.130 seconds
[2024-11-17T20:46:05.828+0000] {processor.py:186} INFO - Started process (PID=652) to work on /opt/airflow/dags/dag.py
[2024-11-17T20:46:05.828+0000] {processor.py:914} INFO - Processing file /opt/airflow/dags/dag.py for tasks to queue
[2024-11-17T20:46:05.830+0000] {logging_mixin.py:190} INFO - [2024-11-17T20:46:05.830+0000] {dagbag.py:588} INFO - Filling up the DagBag from /opt/airflow/dags/dag.py
[2024-11-17T20:46:05.902+0000] {processor.py:925} INFO - DAG(s) 'scrape_and_store_normalized_airbnb_data' retrieved from /opt/airflow/dags/dag.py
[2024-11-17T20:46:05.916+0000] {logging_mixin.py:190} INFO - [2024-11-17T20:46:05.915+0000] {dag.py:3239} INFO - Sync 1 DAGs
[2024-11-17T20:46:05.929+0000] {logging_mixin.py:190} INFO - [2024-11-17T20:46:05.929+0000] {dag.py:4180} INFO - Setting next_dagrun for scrape_and_store_normalized_airbnb_data to None, run_after=None
[2024-11-17T20:46:05.942+0000] {processor.py:208} INFO - Processing /opt/airflow/dags/dag.py took 0.118 seconds
