[2024-11-21T01:08:53.183+0000] {local_task_job_runner.py:123} INFO - ::group::Pre task execution logs
[2024-11-21T01:08:53.194+0000] {taskinstance.py:2613} INFO - Dependencies all met for dep_context=non-requeueable deps ti=<TaskInstance: etl_on_airbnb_data.scrape_airbnb_data manual__2024-11-21T01:08:49.513722+00:00 [queued]>
[2024-11-21T01:08:53.199+0000] {taskinstance.py:2613} INFO - Dependencies all met for dep_context=requeueable deps ti=<TaskInstance: etl_on_airbnb_data.scrape_airbnb_data manual__2024-11-21T01:08:49.513722+00:00 [queued]>
[2024-11-21T01:08:53.200+0000] {taskinstance.py:2866} INFO - Starting attempt 1 of 1
[2024-11-21T01:08:53.211+0000] {taskinstance.py:2889} INFO - Executing <Task(PythonOperator): scrape_airbnb_data> on 2024-11-21 01:08:49.513722+00:00
[2024-11-21T01:08:53.218+0000] {warnings.py:112} WARNING - /home/***/.local/lib/python3.12/site-packages/***/task/task_runner/standard_task_runner.py:70: DeprecationWarning: This process (pid=119) is multi-threaded, use of fork() may lead to deadlocks in the child.
  pid = os.fork()

[2024-11-21T01:08:53.220+0000] {standard_task_runner.py:72} INFO - Started process 121 to run task
[2024-11-21T01:08:53.219+0000] {standard_task_runner.py:104} INFO - Running: ['***', 'tasks', 'run', 'etl_on_airbnb_data', 'scrape_airbnb_data', 'manual__2024-11-21T01:08:49.513722+00:00', '--job-id', '77', '--raw', '--subdir', 'DAGS_FOLDER/dag.py', '--cfg-path', '/tmp/tmph0l_xii7']
[2024-11-21T01:08:53.220+0000] {standard_task_runner.py:105} INFO - Job 77: Subtask scrape_airbnb_data
[2024-11-21T01:08:53.426+0000] {task_command.py:467} INFO - Running <TaskInstance: etl_on_airbnb_data.scrape_airbnb_data manual__2024-11-21T01:08:49.513722+00:00 [running]> on host 8414eec06bb4
[2024-11-21T01:08:53.475+0000] {taskinstance.py:3132} INFO - Exporting env vars: AIRFLOW_CTX_DAG_OWNER='***' AIRFLOW_CTX_DAG_ID='etl_on_airbnb_data' AIRFLOW_CTX_TASK_ID='scrape_airbnb_data' AIRFLOW_CTX_EXECUTION_DATE='2024-11-21T01:08:49.513722+00:00' AIRFLOW_CTX_TRY_NUMBER='1' AIRFLOW_CTX_DAG_RUN_ID='manual__2024-11-21T01:08:49.513722+00:00'
[2024-11-21T01:08:53.476+0000] {logging_mixin.py:190} INFO - Task instance is in running state
[2024-11-21T01:08:53.476+0000] {logging_mixin.py:190} INFO -  Previous state of the Task instance: queued
[2024-11-21T01:08:53.477+0000] {logging_mixin.py:190} INFO - Current task name:scrape_airbnb_data state:running start_date:2024-11-21 01:08:53.195373+00:00
[2024-11-21T01:08:53.477+0000] {logging_mixin.py:190} INFO - Dag name:etl_on_airbnb_data and current dag run status:running
[2024-11-21T01:08:53.477+0000] {taskinstance.py:731} INFO - ::endgroup::
[2024-11-21T01:10:49.736+0000] {python.py:240} INFO - Done. Returned value was: None
[2024-11-21T01:10:49.744+0000] {taskinstance.py:340} INFO - ::group::Post task execution logs
[2024-11-21T01:10:49.745+0000] {taskinstance.py:352} INFO - Marking task as SUCCESS. dag_id=etl_on_airbnb_data, task_id=scrape_airbnb_data, run_id=manual__2024-11-21T01:08:49.513722+00:00, execution_date=20241121T010849, start_date=20241121T010853, end_date=20241121T011049
[2024-11-21T01:10:49.754+0000] {logging_mixin.py:190} INFO - Task instance in success state
[2024-11-21T01:10:49.755+0000] {logging_mixin.py:190} INFO -  Previous state of the Task instance: running
[2024-11-21T01:10:49.755+0000] {logging_mixin.py:190} INFO - Dag name:etl_on_airbnb_data queued_at:2024-11-21 01:08:49.535920+00:00
[2024-11-21T01:10:49.755+0000] {logging_mixin.py:190} INFO - Task hostname:8414eec06bb4 operator:PythonOperator
[2024-11-21T01:10:49.773+0000] {local_task_job_runner.py:266} INFO - Task exited with return code 0
[2024-11-21T01:10:49.793+0000] {taskinstance.py:3895} INFO - 1 downstream tasks scheduled from follow-on schedule check
[2024-11-21T01:10:49.794+0000] {local_task_job_runner.py:245} INFO - ::endgroup::
