[2024-11-21T00:56:41.630+0000] {local_task_job_runner.py:123} INFO - ::group::Pre task execution logs
[2024-11-21T00:56:41.645+0000] {taskinstance.py:2613} INFO - Dependencies all met for dep_context=non-requeueable deps ti=<TaskInstance: scrape_and_store_airbnb_data.scrape_airbnb_data manual__2024-11-20T21:46:19.565666+00:00 [queued]>
[2024-11-21T00:56:41.650+0000] {taskinstance.py:2613} INFO - Dependencies all met for dep_context=requeueable deps ti=<TaskInstance: scrape_and_store_airbnb_data.scrape_airbnb_data manual__2024-11-20T21:46:19.565666+00:00 [queued]>
[2024-11-21T00:56:41.652+0000] {taskinstance.py:2866} INFO - Starting attempt 3 of 3
[2024-11-21T00:56:41.795+0000] {taskinstance.py:2889} INFO - Executing <Task(PythonOperator): scrape_airbnb_data> on 2024-11-20 21:46:19.565666+00:00
[2024-11-21T00:56:41.802+0000] {warnings.py:112} WARNING - /home/***/.local/lib/python3.12/site-packages/***/task/task_runner/standard_task_runner.py:70: DeprecationWarning: This process (pid=136) is multi-threaded, use of fork() may lead to deadlocks in the child.
  pid = os.fork()

[2024-11-21T00:56:41.804+0000] {standard_task_runner.py:72} INFO - Started process 138 to run task
[2024-11-21T00:56:41.804+0000] {standard_task_runner.py:104} INFO - Running: ['***', 'tasks', 'run', 'scrape_and_store_airbnb_data', 'scrape_airbnb_data', 'manual__2024-11-20T21:46:19.565666+00:00', '--job-id', '65', '--raw', '--subdir', 'DAGS_FOLDER/dag.py', '--cfg-path', '/tmp/tmpd66f5ikb']
[2024-11-21T00:56:41.805+0000] {standard_task_runner.py:105} INFO - Job 65: Subtask scrape_airbnb_data
[2024-11-21T00:56:41.843+0000] {task_command.py:467} INFO - Running <TaskInstance: scrape_and_store_airbnb_data.scrape_airbnb_data manual__2024-11-20T21:46:19.565666+00:00 [running]> on host b3a8bb7dbe23
[2024-11-21T00:56:41.898+0000] {taskinstance.py:3132} INFO - Exporting env vars: AIRFLOW_CTX_DAG_OWNER='***' AIRFLOW_CTX_DAG_ID='scrape_and_store_airbnb_data' AIRFLOW_CTX_TASK_ID='scrape_airbnb_data' AIRFLOW_CTX_EXECUTION_DATE='2024-11-20T21:46:19.565666+00:00' AIRFLOW_CTX_TRY_NUMBER='3' AIRFLOW_CTX_DAG_RUN_ID='manual__2024-11-20T21:46:19.565666+00:00'
[2024-11-21T00:56:41.899+0000] {logging_mixin.py:190} INFO - Task instance is in running state
[2024-11-21T00:56:41.900+0000] {logging_mixin.py:190} INFO -  Previous state of the Task instance: queued
[2024-11-21T00:56:41.900+0000] {logging_mixin.py:190} INFO - Current task name:scrape_airbnb_data state:running start_date:2024-11-21 00:56:41.645559+00:00
[2024-11-21T00:56:41.900+0000] {logging_mixin.py:190} INFO - Dag name:scrape_and_store_airbnb_data and current dag run status:running
[2024-11-21T00:56:41.901+0000] {taskinstance.py:731} INFO - ::endgroup::
[2024-11-21T00:58:28.877+0000] {python.py:240} INFO - Done. Returned value was: None
[2024-11-21T00:58:28.886+0000] {taskinstance.py:340} INFO - ::group::Post task execution logs
[2024-11-21T00:58:28.887+0000] {taskinstance.py:352} INFO - Marking task as SUCCESS. dag_id=scrape_and_store_airbnb_data, task_id=scrape_airbnb_data, run_id=manual__2024-11-20T21:46:19.565666+00:00, execution_date=20241120T214619, start_date=20241121T005641, end_date=20241121T005828
[2024-11-21T00:58:28.895+0000] {logging_mixin.py:190} INFO - Task instance in success state
[2024-11-21T00:58:28.895+0000] {logging_mixin.py:190} INFO -  Previous state of the Task instance: running
[2024-11-21T00:58:28.896+0000] {logging_mixin.py:190} INFO - Dag name:scrape_and_store_airbnb_data queued_at:2024-11-21 00:54:57.449204+00:00
[2024-11-21T00:58:28.896+0000] {logging_mixin.py:190} INFO - Task hostname:b3a8bb7dbe23 operator:PythonOperator
[2024-11-21T00:58:28.935+0000] {local_task_job_runner.py:266} INFO - Task exited with return code 0
[2024-11-21T00:58:28.950+0000] {taskinstance.py:3895} INFO - 1 downstream tasks scheduled from follow-on schedule check
[2024-11-21T00:58:28.952+0000] {local_task_job_runner.py:245} INFO - ::endgroup::
