[2024-11-15T05:18:46.411+0000] {processor.py:186} INFO - Started process (PID=69) to work on /opt/airflow/dags/dag.py
[2024-11-15T05:18:46.415+0000] {processor.py:914} INFO - Processing file /opt/airflow/dags/dag.py for tasks to queue
[2024-11-15T05:18:46.425+0000] {logging_mixin.py:190} INFO - [2024-11-15T05:18:46.424+0000] {dagbag.py:588} INFO - Filling up the DagBag from /opt/airflow/dags/dag.py
[2024-11-15T05:18:46.480+0000] {processor.py:925} INFO - DAG(s) 'fetch_and_store_airbnb_data' retrieved from /opt/airflow/dags/dag.py
[2024-11-15T05:18:46.767+0000] {logging_mixin.py:190} INFO - [2024-11-15T05:18:46.767+0000] {override.py:1911} INFO - Created Permission View: can read on DAG:fetch_and_store_airbnb_data
[2024-11-15T05:18:46.777+0000] {logging_mixin.py:190} INFO - [2024-11-15T05:18:46.777+0000] {override.py:1911} INFO - Created Permission View: can delete on DAG:fetch_and_store_airbnb_data
[2024-11-15T05:18:46.784+0000] {logging_mixin.py:190} INFO - [2024-11-15T05:18:46.784+0000] {override.py:1911} INFO - Created Permission View: can edit on DAG:fetch_and_store_airbnb_data
[2024-11-15T05:18:46.792+0000] {logging_mixin.py:190} INFO - [2024-11-15T05:18:46.792+0000] {override.py:1911} INFO - Created Permission View: can read on DAG Run:fetch_and_store_airbnb_data
[2024-11-15T05:18:46.798+0000] {logging_mixin.py:190} INFO - [2024-11-15T05:18:46.798+0000] {override.py:1911} INFO - Created Permission View: can create on DAG Run:fetch_and_store_airbnb_data
[2024-11-15T05:18:46.805+0000] {logging_mixin.py:190} INFO - [2024-11-15T05:18:46.805+0000] {override.py:1911} INFO - Created Permission View: can delete on DAG Run:fetch_and_store_airbnb_data
[2024-11-15T05:18:46.812+0000] {logging_mixin.py:190} INFO - [2024-11-15T05:18:46.812+0000] {override.py:1911} INFO - Created Permission View: menu access on DAG Run:fetch_and_store_airbnb_data
[2024-11-15T05:18:46.813+0000] {logging_mixin.py:190} INFO - [2024-11-15T05:18:46.813+0000] {dag.py:3239} INFO - Sync 1 DAGs
[2024-11-15T05:18:46.831+0000] {logging_mixin.py:190} INFO - [2024-11-15T05:18:46.830+0000] {dag.py:3262} INFO - Creating ORM DAG for fetch_and_store_airbnb_data
[2024-11-15T05:18:46.846+0000] {logging_mixin.py:190} INFO - [2024-11-15T05:18:46.846+0000] {dag.py:4180} INFO - Setting next_dagrun for fetch_and_store_airbnb_data to 2024-11-15 00:00:00+00:00, run_after=2024-11-16 00:00:00+00:00
[2024-11-15T05:18:46.865+0000] {processor.py:208} INFO - Processing /opt/airflow/dags/dag.py took 0.476 seconds
[2024-11-15T05:19:17.633+0000] {processor.py:186} INFO - Started process (PID=133) to work on /opt/airflow/dags/dag.py
[2024-11-15T05:19:17.634+0000] {processor.py:914} INFO - Processing file /opt/airflow/dags/dag.py for tasks to queue
[2024-11-15T05:19:17.637+0000] {logging_mixin.py:190} INFO - [2024-11-15T05:19:17.637+0000] {dagbag.py:588} INFO - Filling up the DagBag from /opt/airflow/dags/dag.py
[2024-11-15T05:19:17.649+0000] {processor.py:925} INFO - DAG(s) 'fetch_and_store_airbnb_data' retrieved from /opt/airflow/dags/dag.py
[2024-11-15T05:19:17.660+0000] {logging_mixin.py:190} INFO - [2024-11-15T05:19:17.660+0000] {dag.py:3239} INFO - Sync 1 DAGs
[2024-11-15T05:19:17.674+0000] {logging_mixin.py:190} INFO - [2024-11-15T05:19:17.674+0000] {dag.py:4180} INFO - Setting next_dagrun for fetch_and_store_airbnb_data to 2024-11-15 00:00:00+00:00, run_after=2024-11-16 00:00:00+00:00
[2024-11-15T05:19:17.687+0000] {processor.py:208} INFO - Processing /opt/airflow/dags/dag.py took 0.060 seconds
[2024-11-15T05:19:48.155+0000] {processor.py:186} INFO - Started process (PID=197) to work on /opt/airflow/dags/dag.py
[2024-11-15T05:19:48.155+0000] {processor.py:914} INFO - Processing file /opt/airflow/dags/dag.py for tasks to queue
[2024-11-15T05:19:48.157+0000] {logging_mixin.py:190} INFO - [2024-11-15T05:19:48.157+0000] {dagbag.py:588} INFO - Filling up the DagBag from /opt/airflow/dags/dag.py
[2024-11-15T05:19:48.170+0000] {processor.py:925} INFO - DAG(s) 'fetch_and_store_airbnb_data' retrieved from /opt/airflow/dags/dag.py
[2024-11-15T05:19:48.184+0000] {logging_mixin.py:190} INFO - [2024-11-15T05:19:48.184+0000] {dag.py:3239} INFO - Sync 1 DAGs
[2024-11-15T05:19:48.199+0000] {logging_mixin.py:190} INFO - [2024-11-15T05:19:48.199+0000] {dag.py:4180} INFO - Setting next_dagrun for fetch_and_store_airbnb_data to 2024-11-15 00:00:00+00:00, run_after=2024-11-16 00:00:00+00:00
[2024-11-15T05:19:48.212+0000] {processor.py:208} INFO - Processing /opt/airflow/dags/dag.py took 0.062 seconds
[2024-11-15T05:20:18.619+0000] {processor.py:186} INFO - Started process (PID=261) to work on /opt/airflow/dags/dag.py
[2024-11-15T05:20:18.620+0000] {processor.py:914} INFO - Processing file /opt/airflow/dags/dag.py for tasks to queue
[2024-11-15T05:20:18.622+0000] {logging_mixin.py:190} INFO - [2024-11-15T05:20:18.622+0000] {dagbag.py:588} INFO - Filling up the DagBag from /opt/airflow/dags/dag.py
[2024-11-15T05:20:18.633+0000] {processor.py:925} INFO - DAG(s) 'fetch_and_store_airbnb_data' retrieved from /opt/airflow/dags/dag.py
[2024-11-15T05:20:18.645+0000] {logging_mixin.py:190} INFO - [2024-11-15T05:20:18.645+0000] {dag.py:3239} INFO - Sync 1 DAGs
[2024-11-15T05:20:18.658+0000] {logging_mixin.py:190} INFO - [2024-11-15T05:20:18.658+0000] {dag.py:4180} INFO - Setting next_dagrun for fetch_and_store_airbnb_data to 2024-11-15 00:00:00+00:00, run_after=2024-11-16 00:00:00+00:00
[2024-11-15T05:20:18.670+0000] {processor.py:208} INFO - Processing /opt/airflow/dags/dag.py took 0.055 seconds
[2024-11-15T05:20:49.162+0000] {processor.py:186} INFO - Started process (PID=325) to work on /opt/airflow/dags/dag.py
[2024-11-15T05:20:49.162+0000] {processor.py:914} INFO - Processing file /opt/airflow/dags/dag.py for tasks to queue
[2024-11-15T05:20:49.164+0000] {logging_mixin.py:190} INFO - [2024-11-15T05:20:49.164+0000] {dagbag.py:588} INFO - Filling up the DagBag from /opt/airflow/dags/dag.py
[2024-11-15T05:20:49.176+0000] {processor.py:925} INFO - DAG(s) 'fetch_and_store_airbnb_data' retrieved from /opt/airflow/dags/dag.py
[2024-11-15T05:20:49.188+0000] {logging_mixin.py:190} INFO - [2024-11-15T05:20:49.188+0000] {dag.py:3239} INFO - Sync 1 DAGs
[2024-11-15T05:20:49.203+0000] {logging_mixin.py:190} INFO - [2024-11-15T05:20:49.202+0000] {dag.py:4180} INFO - Setting next_dagrun for fetch_and_store_airbnb_data to 2024-11-15 00:00:00+00:00, run_after=2024-11-16 00:00:00+00:00
[2024-11-15T05:20:49.216+0000] {processor.py:208} INFO - Processing /opt/airflow/dags/dag.py took 0.058 seconds
[2024-11-15T05:21:19.869+0000] {processor.py:186} INFO - Started process (PID=389) to work on /opt/airflow/dags/dag.py
[2024-11-15T05:21:19.870+0000] {processor.py:914} INFO - Processing file /opt/airflow/dags/dag.py for tasks to queue
[2024-11-15T05:21:19.872+0000] {logging_mixin.py:190} INFO - [2024-11-15T05:21:19.872+0000] {dagbag.py:588} INFO - Filling up the DagBag from /opt/airflow/dags/dag.py
[2024-11-15T05:21:19.885+0000] {processor.py:925} INFO - DAG(s) 'fetch_and_store_airbnb_data' retrieved from /opt/airflow/dags/dag.py
[2024-11-15T05:21:19.899+0000] {logging_mixin.py:190} INFO - [2024-11-15T05:21:19.899+0000] {dag.py:3239} INFO - Sync 1 DAGs
[2024-11-15T05:21:19.915+0000] {logging_mixin.py:190} INFO - [2024-11-15T05:21:19.915+0000] {dag.py:4180} INFO - Setting next_dagrun for fetch_and_store_airbnb_data to 2024-11-15 00:00:00+00:00, run_after=2024-11-16 00:00:00+00:00
[2024-11-15T05:21:19.928+0000] {processor.py:208} INFO - Processing /opt/airflow/dags/dag.py took 0.064 seconds
[2024-11-15T05:21:50.638+0000] {processor.py:186} INFO - Started process (PID=459) to work on /opt/airflow/dags/dag.py
[2024-11-15T05:21:50.639+0000] {processor.py:914} INFO - Processing file /opt/airflow/dags/dag.py for tasks to queue
[2024-11-15T05:21:50.642+0000] {logging_mixin.py:190} INFO - [2024-11-15T05:21:50.641+0000] {dagbag.py:588} INFO - Filling up the DagBag from /opt/airflow/dags/dag.py
[2024-11-15T05:21:50.653+0000] {processor.py:925} INFO - DAG(s) 'fetch_and_store_airbnb_data' retrieved from /opt/airflow/dags/dag.py
[2024-11-15T05:21:50.665+0000] {logging_mixin.py:190} INFO - [2024-11-15T05:21:50.664+0000] {dag.py:3239} INFO - Sync 1 DAGs
[2024-11-15T05:21:50.678+0000] {logging_mixin.py:190} INFO - [2024-11-15T05:21:50.678+0000] {dag.py:4180} INFO - Setting next_dagrun for fetch_and_store_airbnb_data to 2024-11-15 00:00:00+00:00, run_after=2024-11-16 00:00:00+00:00
[2024-11-15T05:21:50.690+0000] {processor.py:208} INFO - Processing /opt/airflow/dags/dag.py took 0.055 seconds
[2024-11-15T05:22:21.299+0000] {processor.py:186} INFO - Started process (PID=523) to work on /opt/airflow/dags/dag.py
[2024-11-15T05:22:21.300+0000] {processor.py:914} INFO - Processing file /opt/airflow/dags/dag.py for tasks to queue
[2024-11-15T05:22:21.302+0000] {logging_mixin.py:190} INFO - [2024-11-15T05:22:21.301+0000] {dagbag.py:588} INFO - Filling up the DagBag from /opt/airflow/dags/dag.py
[2024-11-15T05:22:21.317+0000] {processor.py:925} INFO - DAG(s) 'fetch_and_store_airbnb_data' retrieved from /opt/airflow/dags/dag.py
[2024-11-15T05:22:21.336+0000] {logging_mixin.py:190} INFO - [2024-11-15T05:22:21.336+0000] {dag.py:3239} INFO - Sync 1 DAGs
[2024-11-15T05:22:21.354+0000] {logging_mixin.py:190} INFO - [2024-11-15T05:22:21.353+0000] {dag.py:4180} INFO - Setting next_dagrun for fetch_and_store_airbnb_data to 2024-11-15 00:00:00+00:00, run_after=2024-11-16 00:00:00+00:00
[2024-11-15T05:22:21.370+0000] {processor.py:208} INFO - Processing /opt/airflow/dags/dag.py took 0.076 seconds
[2024-11-15T05:22:51.926+0000] {processor.py:186} INFO - Started process (PID=587) to work on /opt/airflow/dags/dag.py
[2024-11-15T05:22:51.926+0000] {processor.py:914} INFO - Processing file /opt/airflow/dags/dag.py for tasks to queue
[2024-11-15T05:22:51.928+0000] {logging_mixin.py:190} INFO - [2024-11-15T05:22:51.928+0000] {dagbag.py:588} INFO - Filling up the DagBag from /opt/airflow/dags/dag.py
[2024-11-15T05:22:51.939+0000] {processor.py:925} INFO - DAG(s) 'fetch_and_store_airbnb_data' retrieved from /opt/airflow/dags/dag.py
[2024-11-15T05:22:51.951+0000] {logging_mixin.py:190} INFO - [2024-11-15T05:22:51.951+0000] {dag.py:3239} INFO - Sync 1 DAGs
[2024-11-15T05:22:51.965+0000] {logging_mixin.py:190} INFO - [2024-11-15T05:22:51.965+0000] {dag.py:4180} INFO - Setting next_dagrun for fetch_and_store_airbnb_data to 2024-11-15 00:00:00+00:00, run_after=2024-11-16 00:00:00+00:00
[2024-11-15T05:22:51.977+0000] {processor.py:208} INFO - Processing /opt/airflow/dags/dag.py took 0.055 seconds
[2024-11-15T05:23:22.848+0000] {processor.py:186} INFO - Started process (PID=651) to work on /opt/airflow/dags/dag.py
[2024-11-15T05:23:22.848+0000] {processor.py:914} INFO - Processing file /opt/airflow/dags/dag.py for tasks to queue
[2024-11-15T05:23:22.850+0000] {logging_mixin.py:190} INFO - [2024-11-15T05:23:22.850+0000] {dagbag.py:588} INFO - Filling up the DagBag from /opt/airflow/dags/dag.py
[2024-11-15T05:23:22.862+0000] {processor.py:925} INFO - DAG(s) 'fetch_and_store_airbnb_data' retrieved from /opt/airflow/dags/dag.py
[2024-11-15T05:23:22.876+0000] {logging_mixin.py:190} INFO - [2024-11-15T05:23:22.876+0000] {dag.py:3239} INFO - Sync 1 DAGs
[2024-11-15T05:23:22.891+0000] {logging_mixin.py:190} INFO - [2024-11-15T05:23:22.891+0000] {dag.py:4180} INFO - Setting next_dagrun for fetch_and_store_airbnb_data to 2024-11-15 00:00:00+00:00, run_after=2024-11-16 00:00:00+00:00
[2024-11-15T05:23:22.904+0000] {processor.py:208} INFO - Processing /opt/airflow/dags/dag.py took 0.060 seconds
[2024-11-15T05:23:53.559+0000] {processor.py:186} INFO - Started process (PID=715) to work on /opt/airflow/dags/dag.py
[2024-11-15T05:23:53.560+0000] {processor.py:914} INFO - Processing file /opt/airflow/dags/dag.py for tasks to queue
[2024-11-15T05:23:53.561+0000] {logging_mixin.py:190} INFO - [2024-11-15T05:23:53.561+0000] {dagbag.py:588} INFO - Filling up the DagBag from /opt/airflow/dags/dag.py
[2024-11-15T05:23:53.575+0000] {processor.py:925} INFO - DAG(s) 'fetch_and_store_airbnb_data' retrieved from /opt/airflow/dags/dag.py
[2024-11-15T05:23:53.587+0000] {logging_mixin.py:190} INFO - [2024-11-15T05:23:53.587+0000] {dag.py:3239} INFO - Sync 1 DAGs
[2024-11-15T05:23:53.601+0000] {logging_mixin.py:190} INFO - [2024-11-15T05:23:53.601+0000] {dag.py:4180} INFO - Setting next_dagrun for fetch_and_store_airbnb_data to 2024-11-15 00:00:00+00:00, run_after=2024-11-16 00:00:00+00:00
[2024-11-15T05:23:53.615+0000] {processor.py:208} INFO - Processing /opt/airflow/dags/dag.py took 0.060 seconds
[2024-11-15T05:24:15.302+0000] {processor.py:186} INFO - Started process (PID=773) to work on /opt/airflow/dags/dag.py
[2024-11-15T05:24:15.303+0000] {processor.py:914} INFO - Processing file /opt/airflow/dags/dag.py for tasks to queue
[2024-11-15T05:24:15.305+0000] {logging_mixin.py:190} INFO - [2024-11-15T05:24:15.304+0000] {dagbag.py:588} INFO - Filling up the DagBag from /opt/airflow/dags/dag.py
[2024-11-15T05:24:15.318+0000] {processor.py:925} INFO - DAG(s) 'fetch_and_store_airbnb_data' retrieved from /opt/airflow/dags/dag.py
[2024-11-15T05:24:15.332+0000] {logging_mixin.py:190} INFO - [2024-11-15T05:24:15.332+0000] {dag.py:3239} INFO - Sync 1 DAGs
[2024-11-15T05:24:15.347+0000] {logging_mixin.py:190} INFO - [2024-11-15T05:24:15.347+0000] {dag.py:4180} INFO - Setting next_dagrun for fetch_and_store_airbnb_data to 2024-11-15 00:00:00+00:00, run_after=2024-11-16 00:00:00+00:00
[2024-11-15T05:24:15.360+0000] {processor.py:208} INFO - Processing /opt/airflow/dags/dag.py took 0.061 seconds
[2024-11-15T05:24:46.013+0000] {processor.py:186} INFO - Started process (PID=837) to work on /opt/airflow/dags/dag.py
[2024-11-15T05:24:46.014+0000] {processor.py:914} INFO - Processing file /opt/airflow/dags/dag.py for tasks to queue
[2024-11-15T05:24:46.015+0000] {logging_mixin.py:190} INFO - [2024-11-15T05:24:46.015+0000] {dagbag.py:588} INFO - Filling up the DagBag from /opt/airflow/dags/dag.py
[2024-11-15T05:24:46.028+0000] {processor.py:925} INFO - DAG(s) 'fetch_and_store_airbnb_data' retrieved from /opt/airflow/dags/dag.py
[2024-11-15T05:24:46.042+0000] {logging_mixin.py:190} INFO - [2024-11-15T05:24:46.042+0000] {dag.py:3239} INFO - Sync 1 DAGs
[2024-11-15T05:24:46.057+0000] {logging_mixin.py:190} INFO - [2024-11-15T05:24:46.057+0000] {dag.py:4180} INFO - Setting next_dagrun for fetch_and_store_airbnb_data to 2024-11-15 00:00:00+00:00, run_after=2024-11-16 00:00:00+00:00
[2024-11-15T05:24:46.073+0000] {processor.py:208} INFO - Processing /opt/airflow/dags/dag.py took 0.064 seconds
[2024-11-15T05:25:13.598+0000] {processor.py:186} INFO - Started process (PID=901) to work on /opt/airflow/dags/dag.py
[2024-11-15T05:25:13.599+0000] {processor.py:914} INFO - Processing file /opt/airflow/dags/dag.py for tasks to queue
[2024-11-15T05:25:13.601+0000] {logging_mixin.py:190} INFO - [2024-11-15T05:25:13.601+0000] {dagbag.py:588} INFO - Filling up the DagBag from /opt/airflow/dags/dag.py
[2024-11-15T05:25:13.614+0000] {processor.py:925} INFO - DAG(s) 'fetch_and_store_airbnb_data' retrieved from /opt/airflow/dags/dag.py
[2024-11-15T05:25:13.628+0000] {logging_mixin.py:190} INFO - [2024-11-15T05:25:13.628+0000] {dag.py:3239} INFO - Sync 1 DAGs
[2024-11-15T05:25:13.644+0000] {logging_mixin.py:190} INFO - [2024-11-15T05:25:13.643+0000] {dag.py:4180} INFO - Setting next_dagrun for fetch_and_store_airbnb_data to 2024-11-15 00:00:00+00:00, run_after=2024-11-16 00:00:00+00:00
[2024-11-15T05:25:13.658+0000] {processor.py:208} INFO - Processing /opt/airflow/dags/dag.py took 0.063 seconds
