[2024-11-20T21:40:58.051+0000] {local_task_job_runner.py:123} INFO - ::group::Pre task execution logs
[2024-11-20T21:40:58.065+0000] {taskinstance.py:2613} INFO - Dependencies all met for dep_context=non-requeueable deps ti=<TaskInstance: scrape_and_store_airbnb_data.scrape_airbnb_data manual__2024-11-20T21:30:27.250542+00:00 [queued]>
[2024-11-20T21:40:58.072+0000] {taskinstance.py:2613} INFO - Dependencies all met for dep_context=requeueable deps ti=<TaskInstance: scrape_and_store_airbnb_data.scrape_airbnb_data manual__2024-11-20T21:30:27.250542+00:00 [queued]>
[2024-11-20T21:40:58.073+0000] {taskinstance.py:2866} INFO - Starting attempt 7 of 7
[2024-11-20T21:40:58.086+0000] {taskinstance.py:2889} INFO - Executing <Task(PythonOperator): scrape_airbnb_data> on 2024-11-20 21:30:27.250542+00:00
[2024-11-20T21:40:58.095+0000] {warnings.py:112} WARNING - /home/***/.local/lib/python3.12/site-packages/***/task/task_runner/standard_task_runner.py:70: DeprecationWarning: This process (pid=98) is multi-threaded, use of fork() may lead to deadlocks in the child.
  pid = os.fork()

[2024-11-20T21:40:58.097+0000] {standard_task_runner.py:72} INFO - Started process 107 to run task
[2024-11-20T21:40:58.096+0000] {standard_task_runner.py:104} INFO - Running: ['***', 'tasks', 'run', 'scrape_and_store_airbnb_data', 'scrape_airbnb_data', 'manual__2024-11-20T21:30:27.250542+00:00', '--job-id', '50', '--raw', '--subdir', 'DAGS_FOLDER/dag.py', '--cfg-path', '/tmp/tmpbjzupdht']
[2024-11-20T21:40:58.097+0000] {standard_task_runner.py:105} INFO - Job 50: Subtask scrape_airbnb_data
[2024-11-20T21:40:58.491+0000] {task_command.py:467} INFO - Running <TaskInstance: scrape_and_store_airbnb_data.scrape_airbnb_data manual__2024-11-20T21:30:27.250542+00:00 [running]> on host b70b34de9b89
[2024-11-20T21:40:58.544+0000] {taskinstance.py:3132} INFO - Exporting env vars: AIRFLOW_CTX_DAG_OWNER='***' AIRFLOW_CTX_DAG_ID='scrape_and_store_airbnb_data' AIRFLOW_CTX_TASK_ID='scrape_airbnb_data' AIRFLOW_CTX_EXECUTION_DATE='2024-11-20T21:30:27.250542+00:00' AIRFLOW_CTX_TRY_NUMBER='7' AIRFLOW_CTX_DAG_RUN_ID='manual__2024-11-20T21:30:27.250542+00:00'
[2024-11-20T21:40:58.545+0000] {logging_mixin.py:190} INFO - Task instance is in running state
[2024-11-20T21:40:58.546+0000] {logging_mixin.py:190} INFO -  Previous state of the Task instance: queued
[2024-11-20T21:40:58.546+0000] {logging_mixin.py:190} INFO - Current task name:scrape_airbnb_data state:running start_date:2024-11-20 21:40:58.065711+00:00
[2024-11-20T21:40:58.547+0000] {logging_mixin.py:190} INFO - Dag name:scrape_and_store_airbnb_data and current dag run status:running
[2024-11-20T21:40:58.547+0000] {taskinstance.py:731} INFO - ::endgroup::
[2024-11-20T21:43:02.445+0000] {python.py:240} INFO - Done. Returned value was: None
[2024-11-20T21:43:02.456+0000] {taskinstance.py:340} INFO - ::group::Post task execution logs
[2024-11-20T21:43:02.456+0000] {taskinstance.py:352} INFO - Marking task as SUCCESS. dag_id=scrape_and_store_airbnb_data, task_id=scrape_airbnb_data, run_id=manual__2024-11-20T21:30:27.250542+00:00, execution_date=20241120T213027, start_date=20241120T214058, end_date=20241120T214302
[2024-11-20T21:43:02.465+0000] {logging_mixin.py:190} INFO - Task instance in success state
[2024-11-20T21:43:02.466+0000] {logging_mixin.py:190} INFO -  Previous state of the Task instance: running
[2024-11-20T21:43:02.466+0000] {logging_mixin.py:190} INFO - Dag name:scrape_and_store_airbnb_data queued_at:2024-11-20 21:40:54.070104+00:00
[2024-11-20T21:43:02.467+0000] {logging_mixin.py:190} INFO - Task hostname:b70b34de9b89 operator:PythonOperator
[2024-11-20T21:43:02.495+0000] {local_task_job_runner.py:266} INFO - Task exited with return code 0
[2024-11-20T21:43:02.513+0000] {taskinstance.py:3895} INFO - 1 downstream tasks scheduled from follow-on schedule check
[2024-11-20T21:43:02.515+0000] {local_task_job_runner.py:245} INFO - ::endgroup::
